{"P:\\Projects\\String\\src\\core\\class.js": {"path":"P:\\Projects\\String\\src\\core\\class.js","statementMap":{"0":{"start":{"line":5,"column":8},"end":{"line":5,"column":33}},"1":{"start":{"line":6,"column":8},"end":{"line":6,"column":30}},"2":{"start":{"line":10,"column":8},"end":{"line":12,"column":9}},"3":{"start":{"line":11,"column":12},"end":{"line":11,"column":30}},"4":{"start":{"line":14,"column":8},"end":{"line":14,"column":25}},"5":{"start":{"line":17,"column":31},"end":{"line":17,"column":43}},"6":{"start":{"line":20,"column":8},"end":{"line":20,"column":69}},"7":{"start":{"line":20,"column":52},"end":{"line":20,"column":69}},"8":{"start":{"line":21,"column":8},"end":{"line":21,"column":33}},"9":{"start":{"line":22,"column":8},"end":{"line":22,"column":19}},"10":{"start":{"line":26,"column":8},"end":{"line":26,"column":32}},"11":{"start":{"line":30,"column":8},"end":{"line":30,"column":29}},"12":{"start":{"line":34,"column":8},"end":{"line":34,"column":25}},"13":{"start":{"line":38,"column":8},"end":{"line":40,"column":9}},"14":{"start":{"line":39,"column":12},"end":{"line":39,"column":25}},"15":{"start":{"line":41,"column":8},"end":{"line":41,"column":22}},"16":{"start":{"line":42,"column":8},"end":{"line":42,"column":19}},"17":{"start":{"line":46,"column":8},"end":{"line":46,"column":52}},"18":{"start":{"line":50,"column":8},"end":{"line":50,"column":61}},"19":{"start":{"line":54,"column":8},"end":{"line":54,"column":56}},"20":{"start":{"line":58,"column":8},"end":{"line":58,"column":34}},"21":{"start":{"line":62,"column":8},"end":{"line":62,"column":47}},"22":{"start":{"line":66,"column":8},"end":{"line":66,"column":53}},"23":{"start":{"line":70,"column":8},"end":{"line":70,"column":45}},"24":{"start":{"line":74,"column":8},"end":{"line":74,"column":55}},"25":{"start":{"line":78,"column":8},"end":{"line":78,"column":61}},"26":{"start":{"line":82,"column":8},"end":{"line":82,"column":53}},"27":{"start":{"line":86,"column":8},"end":{"line":86,"column":55}},"28":{"start":{"line":90,"column":8},"end":{"line":90,"column":47}},"29":{"start":{"line":94,"column":8},"end":{"line":94,"column":53}},"30":{"start":{"line":98,"column":8},"end":{"line":98,"column":48}},"31":{"start":{"line":102,"column":8},"end":{"line":102,"column":47}},"32":{"start":{"line":106,"column":8},"end":{"line":106,"column":59}},"33":{"start":{"line":110,"column":8},"end":{"line":110,"column":36}},"34":{"start":{"line":114,"column":8},"end":{"line":114,"column":41}},"35":{"start":{"line":118,"column":8},"end":{"line":118,"column":44}},"36":{"start":{"line":122,"column":8},"end":{"line":122,"column":36}},"37":{"start":{"line":126,"column":8},"end":{"line":126,"column":36}},"38":{"start":{"line":130,"column":8},"end":{"line":130,"column":36}},"39":{"start":{"line":134,"column":8},"end":{"line":134,"column":28}},"40":{"start":{"line":138,"column":8},"end":{"line":138,"column":36}},"41":{"start":{"line":142,"column":8},"end":{"line":142,"column":58}},"42":{"start":{"line":146,"column":8},"end":{"line":146,"column":52}},"43":{"start":{"line":150,"column":8},"end":{"line":150,"column":48}},"44":{"start":{"line":154,"column":8},"end":{"line":154,"column":52}},"45":{"start":{"line":158,"column":8},"end":{"line":158,"column":56}},"46":{"start":{"line":162,"column":8},"end":{"line":162,"column":57}},"47":{"start":{"line":166,"column":8},"end":{"line":166,"column":57}},"48":{"start":{"line":170,"column":8},"end":{"line":170,"column":58}},"49":{"start":{"line":174,"column":8},"end":{"line":174,"column":56}},"50":{"start":{"line":178,"column":8},"end":{"line":178,"column":61}},"51":{"start":{"line":182,"column":8},"end":{"line":182,"column":62}},"52":{"start":{"line":186,"column":8},"end":{"line":186,"column":58}},"53":{"start":{"line":190,"column":8},"end":{"line":190,"column":50}},"54":{"start":{"line":194,"column":8},"end":{"line":194,"column":55}},"55":{"start":{"line":198,"column":8},"end":{"line":198,"column":48}},"56":{"start":{"line":202,"column":8},"end":{"line":202,"column":66}},"57":{"start":{"line":206,"column":8},"end":{"line":206,"column":59}},"58":{"start":{"line":210,"column":8},"end":{"line":210,"column":60}},"59":{"start":{"line":214,"column":8},"end":{"line":214,"column":48}},"60":{"start":{"line":218,"column":8},"end":{"line":218,"column":52}},"61":{"start":{"line":222,"column":8},"end":{"line":222,"column":61}},"62":{"start":{"line":226,"column":8},"end":{"line":226,"column":55}},"63":{"start":{"line":230,"column":8},"end":{"line":230,"column":62}},"64":{"start":{"line":234,"column":8},"end":{"line":234,"column":61}},"65":{"start":{"line":238,"column":8},"end":{"line":238,"column":47}},"66":{"start":{"line":242,"column":8},"end":{"line":242,"column":62}},"67":{"start":{"line":246,"column":8},"end":{"line":246,"column":51}},"68":{"start":{"line":250,"column":8},"end":{"line":250,"column":52}},"69":{"start":{"line":254,"column":8},"end":{"line":254,"column":52}},"70":{"start":{"line":258,"column":8},"end":{"line":258,"column":61}},"71":{"start":{"line":262,"column":8},"end":{"line":262,"column":55}},"72":{"start":{"line":266,"column":8},"end":{"line":266,"column":57}},"73":{"start":{"line":270,"column":8},"end":{"line":270,"column":70}},"74":{"start":{"line":274,"column":8},"end":{"line":274,"column":48}},"75":{"start":{"line":278,"column":8},"end":{"line":278,"column":50}},"76":{"start":{"line":282,"column":8},"end":{"line":282,"column":62}},"77":{"start":{"line":286,"column":8},"end":{"line":286,"column":55}},"78":{"start":{"line":290,"column":8},"end":{"line":290,"column":56}},"79":{"start":{"line":294,"column":0},"end":{"line":294,"column":21}},"80":{"start":{"line":296,"column":12},"end":{"line":296,"column":27}},"81":{"start":{"line":296,"column":17},"end":{"line":296,"column":27}}},"fnMap":{"0":{"name":"(anonymous_0)","decl":{"start":{"line":4,"column":4},"end":{"line":4,"column":5}},"loc":{"start":{"line":4,"column":47},"end":{"line":7,"column":5}},"line":4},"1":{"name":"(anonymous_1)","decl":{"start":{"line":9,"column":4},"end":{"line":9,"column":5}},"loc":{"start":{"line":9,"column":30},"end":{"line":15,"column":5}},"line":9},"2":{"name":"(anonymous_2)","decl":{"start":{"line":17,"column":4},"end":{"line":17,"column":5}},"loc":{"start":{"line":17,"column":30},"end":{"line":17,"column":44}},"line":17},"3":{"name":"(anonymous_3)","decl":{"start":{"line":19,"column":4},"end":{"line":19,"column":5}},"loc":{"start":{"line":19,"column":10},"end":{"line":23,"column":5}},"line":19},"4":{"name":"(anonymous_4)","decl":{"start":{"line":25,"column":4},"end":{"line":25,"column":5}},"loc":{"start":{"line":25,"column":16},"end":{"line":27,"column":5}},"line":25},"5":{"name":"(anonymous_5)","decl":{"start":{"line":29,"column":4},"end":{"line":29,"column":5}},"loc":{"start":{"line":29,"column":27},"end":{"line":31,"column":5}},"line":29},"6":{"name":"(anonymous_6)","decl":{"start":{"line":33,"column":4},"end":{"line":33,"column":5}},"loc":{"start":{"line":33,"column":14},"end":{"line":35,"column":5}},"line":33},"7":{"name":"(anonymous_7)","decl":{"start":{"line":37,"column":4},"end":{"line":37,"column":5}},"loc":{"start":{"line":37,"column":14},"end":{"line":43,"column":5}},"line":37},"8":{"name":"(anonymous_8)","decl":{"start":{"line":45,"column":4},"end":{"line":45,"column":5}},"loc":{"start":{"line":45,"column":15},"end":{"line":47,"column":5}},"line":45},"9":{"name":"(anonymous_9)","decl":{"start":{"line":49,"column":4},"end":{"line":49,"column":5}},"loc":{"start":{"line":49,"column":22},"end":{"line":51,"column":5}},"line":49},"10":{"name":"(anonymous_10)","decl":{"start":{"line":53,"column":4},"end":{"line":53,"column":5}},"loc":{"start":{"line":53,"column":17},"end":{"line":55,"column":5}},"line":53},"11":{"name":"(anonymous_11)","decl":{"start":{"line":57,"column":4},"end":{"line":57,"column":5}},"loc":{"start":{"line":57,"column":11},"end":{"line":59,"column":5}},"line":57},"12":{"name":"(anonymous_12)","decl":{"start":{"line":61,"column":4},"end":{"line":61,"column":5}},"loc":{"start":{"line":61,"column":22},"end":{"line":63,"column":5}},"line":61},"13":{"name":"(anonymous_13)","decl":{"start":{"line":65,"column":4},"end":{"line":65,"column":5}},"loc":{"start":{"line":65,"column":28},"end":{"line":67,"column":5}},"line":65},"14":{"name":"(anonymous_14)","decl":{"start":{"line":69,"column":4},"end":{"line":69,"column":5}},"loc":{"start":{"line":69,"column":20},"end":{"line":71,"column":5}},"line":69},"15":{"name":"(anonymous_15)","decl":{"start":{"line":73,"column":4},"end":{"line":73,"column":5}},"loc":{"start":{"line":73,"column":30},"end":{"line":75,"column":5}},"line":73},"16":{"name":"(anonymous_16)","decl":{"start":{"line":77,"column":4},"end":{"line":77,"column":5}},"loc":{"start":{"line":77,"column":36},"end":{"line":79,"column":5}},"line":77},"17":{"name":"(anonymous_17)","decl":{"start":{"line":81,"column":4},"end":{"line":81,"column":5}},"loc":{"start":{"line":81,"column":16},"end":{"line":83,"column":5}},"line":81},"18":{"name":"(anonymous_18)","decl":{"start":{"line":85,"column":4},"end":{"line":85,"column":5}},"loc":{"start":{"line":85,"column":18},"end":{"line":87,"column":5}},"line":85},"19":{"name":"(anonymous_19)","decl":{"start":{"line":89,"column":4},"end":{"line":89,"column":5}},"loc":{"start":{"line":89,"column":22},"end":{"line":91,"column":5}},"line":89},"20":{"name":"(anonymous_20)","decl":{"start":{"line":93,"column":4},"end":{"line":93,"column":5}},"loc":{"start":{"line":93,"column":16},"end":{"line":95,"column":5}},"line":93},"21":{"name":"(anonymous_21)","decl":{"start":{"line":97,"column":4},"end":{"line":97,"column":5}},"loc":{"start":{"line":97,"column":11},"end":{"line":99,"column":5}},"line":97},"22":{"name":"(anonymous_22)","decl":{"start":{"line":101,"column":4},"end":{"line":101,"column":5}},"loc":{"start":{"line":101,"column":22},"end":{"line":103,"column":5}},"line":101},"23":{"name":"(anonymous_23)","decl":{"start":{"line":105,"column":4},"end":{"line":105,"column":5}},"loc":{"start":{"line":105,"column":20},"end":{"line":107,"column":5}},"line":105},"24":{"name":"(anonymous_24)","decl":{"start":{"line":109,"column":4},"end":{"line":109,"column":5}},"loc":{"start":{"line":109,"column":13},"end":{"line":111,"column":5}},"line":109},"25":{"name":"(anonymous_25)","decl":{"start":{"line":113,"column":4},"end":{"line":113,"column":5}},"loc":{"start":{"line":113,"column":18},"end":{"line":115,"column":5}},"line":113},"26":{"name":"(anonymous_26)","decl":{"start":{"line":117,"column":4},"end":{"line":117,"column":5}},"loc":{"start":{"line":117,"column":19},"end":{"line":119,"column":5}},"line":117},"27":{"name":"(anonymous_27)","decl":{"start":{"line":121,"column":4},"end":{"line":121,"column":5}},"loc":{"start":{"line":121,"column":13},"end":{"line":123,"column":5}},"line":121},"28":{"name":"(anonymous_28)","decl":{"start":{"line":125,"column":4},"end":{"line":125,"column":5}},"loc":{"start":{"line":125,"column":13},"end":{"line":127,"column":5}},"line":125},"29":{"name":"(anonymous_29)","decl":{"start":{"line":129,"column":4},"end":{"line":129,"column":5}},"loc":{"start":{"line":129,"column":13},"end":{"line":131,"column":5}},"line":129},"30":{"name":"(anonymous_30)","decl":{"start":{"line":133,"column":4},"end":{"line":133,"column":5}},"loc":{"start":{"line":133,"column":22},"end":{"line":135,"column":5}},"line":133},"31":{"name":"(anonymous_31)","decl":{"start":{"line":137,"column":4},"end":{"line":137,"column":5}},"loc":{"start":{"line":137,"column":13},"end":{"line":139,"column":5}},"line":137},"32":{"name":"(anonymous_32)","decl":{"start":{"line":141,"column":4},"end":{"line":141,"column":5}},"loc":{"start":{"line":141,"column":19},"end":{"line":143,"column":5}},"line":141},"33":{"name":"(anonymous_33)","decl":{"start":{"line":145,"column":4},"end":{"line":145,"column":5}},"loc":{"start":{"line":145,"column":13},"end":{"line":147,"column":5}},"line":145},"34":{"name":"(anonymous_34)","decl":{"start":{"line":149,"column":4},"end":{"line":149,"column":5}},"loc":{"start":{"line":149,"column":11},"end":{"line":151,"column":5}},"line":149},"35":{"name":"(anonymous_35)","decl":{"start":{"line":153,"column":4},"end":{"line":153,"column":5}},"loc":{"start":{"line":153,"column":27},"end":{"line":155,"column":5}},"line":153},"36":{"name":"(anonymous_36)","decl":{"start":{"line":157,"column":4},"end":{"line":157,"column":5}},"loc":{"start":{"line":157,"column":17},"end":{"line":159,"column":5}},"line":157},"37":{"name":"(anonymous_37)","decl":{"start":{"line":161,"column":4},"end":{"line":161,"column":5}},"loc":{"start":{"line":161,"column":18},"end":{"line":163,"column":5}},"line":161},"38":{"name":"(anonymous_38)","decl":{"start":{"line":165,"column":4},"end":{"line":165,"column":5}},"loc":{"start":{"line":165,"column":18},"end":{"line":167,"column":5}},"line":165},"39":{"name":"(anonymous_39)","decl":{"start":{"line":169,"column":4},"end":{"line":169,"column":5}},"loc":{"start":{"line":169,"column":19},"end":{"line":171,"column":5}},"line":169},"40":{"name":"(anonymous_40)","decl":{"start":{"line":173,"column":4},"end":{"line":173,"column":5}},"loc":{"start":{"line":173,"column":17},"end":{"line":175,"column":5}},"line":173},"41":{"name":"(anonymous_41)","decl":{"start":{"line":177,"column":4},"end":{"line":177,"column":5}},"loc":{"start":{"line":177,"column":22},"end":{"line":179,"column":5}},"line":177},"42":{"name":"(anonymous_42)","decl":{"start":{"line":181,"column":4},"end":{"line":181,"column":5}},"loc":{"start":{"line":181,"column":23},"end":{"line":183,"column":5}},"line":181},"43":{"name":"(anonymous_43)","decl":{"start":{"line":185,"column":4},"end":{"line":185,"column":5}},"loc":{"start":{"line":185,"column":19},"end":{"line":187,"column":5}},"line":185},"44":{"name":"(anonymous_44)","decl":{"start":{"line":189,"column":4},"end":{"line":189,"column":5}},"loc":{"start":{"line":189,"column":13},"end":{"line":191,"column":5}},"line":189},"45":{"name":"(anonymous_45)","decl":{"start":{"line":193,"column":4},"end":{"line":193,"column":5}},"loc":{"start":{"line":193,"column":16},"end":{"line":195,"column":5}},"line":193},"46":{"name":"(anonymous_46)","decl":{"start":{"line":197,"column":4},"end":{"line":197,"column":5}},"loc":{"start":{"line":197,"column":11},"end":{"line":199,"column":5}},"line":197},"47":{"name":"(anonymous_47)","decl":{"start":{"line":201,"column":4},"end":{"line":201,"column":5}},"loc":{"start":{"line":201,"column":27},"end":{"line":203,"column":5}},"line":201},"48":{"name":"(anonymous_48)","decl":{"start":{"line":205,"column":4},"end":{"line":205,"column":5}},"loc":{"start":{"line":205,"column":20},"end":{"line":207,"column":5}},"line":205},"49":{"name":"(anonymous_49)","decl":{"start":{"line":209,"column":4},"end":{"line":209,"column":5}},"loc":{"start":{"line":209,"column":21},"end":{"line":211,"column":5}},"line":209},"50":{"name":"(anonymous_50)","decl":{"start":{"line":213,"column":4},"end":{"line":213,"column":5}},"loc":{"start":{"line":213,"column":23},"end":{"line":215,"column":5}},"line":213},"51":{"name":"(anonymous_51)","decl":{"start":{"line":217,"column":4},"end":{"line":217,"column":5}},"loc":{"start":{"line":217,"column":15},"end":{"line":219,"column":5}},"line":217},"52":{"name":"(anonymous_52)","decl":{"start":{"line":221,"column":4},"end":{"line":221,"column":5}},"loc":{"start":{"line":221,"column":22},"end":{"line":223,"column":5}},"line":221},"53":{"name":"(anonymous_53)","decl":{"start":{"line":225,"column":4},"end":{"line":225,"column":5}},"loc":{"start":{"line":225,"column":18},"end":{"line":227,"column":5}},"line":225},"54":{"name":"(anonymous_54)","decl":{"start":{"line":229,"column":4},"end":{"line":229,"column":5}},"loc":{"start":{"line":229,"column":23},"end":{"line":231,"column":5}},"line":229},"55":{"name":"(anonymous_55)","decl":{"start":{"line":233,"column":4},"end":{"line":233,"column":5}},"loc":{"start":{"line":233,"column":22},"end":{"line":235,"column":5}},"line":233},"56":{"name":"(anonymous_56)","decl":{"start":{"line":237,"column":4},"end":{"line":237,"column":5}},"loc":{"start":{"line":237,"column":10},"end":{"line":239,"column":5}},"line":237},"57":{"name":"(anonymous_57)","decl":{"start":{"line":241,"column":4},"end":{"line":241,"column":5}},"loc":{"start":{"line":241,"column":23},"end":{"line":243,"column":5}},"line":241},"58":{"name":"(anonymous_58)","decl":{"start":{"line":245,"column":4},"end":{"line":245,"column":5}},"loc":{"start":{"line":245,"column":12},"end":{"line":247,"column":5}},"line":245},"59":{"name":"(anonymous_59)","decl":{"start":{"line":249,"column":4},"end":{"line":249,"column":5}},"loc":{"start":{"line":249,"column":13},"end":{"line":251,"column":5}},"line":249},"60":{"name":"(anonymous_60)","decl":{"start":{"line":253,"column":4},"end":{"line":253,"column":5}},"loc":{"start":{"line":253,"column":13},"end":{"line":255,"column":5}},"line":253},"61":{"name":"(anonymous_61)","decl":{"start":{"line":257,"column":4},"end":{"line":257,"column":5}},"loc":{"start":{"line":257,"column":22},"end":{"line":259,"column":5}},"line":257},"62":{"name":"(anonymous_62)","decl":{"start":{"line":261,"column":4},"end":{"line":261,"column":5}},"loc":{"start":{"line":261,"column":18},"end":{"line":263,"column":5}},"line":261},"63":{"name":"(anonymous_63)","decl":{"start":{"line":265,"column":4},"end":{"line":265,"column":5}},"loc":{"start":{"line":265,"column":18},"end":{"line":267,"column":5}},"line":265},"64":{"name":"(anonymous_64)","decl":{"start":{"line":269,"column":4},"end":{"line":269,"column":5}},"loc":{"start":{"line":269,"column":31},"end":{"line":271,"column":5}},"line":269},"65":{"name":"(anonymous_65)","decl":{"start":{"line":273,"column":4},"end":{"line":273,"column":5}},"loc":{"start":{"line":273,"column":11},"end":{"line":275,"column":5}},"line":273},"66":{"name":"(anonymous_66)","decl":{"start":{"line":277,"column":4},"end":{"line":277,"column":5}},"loc":{"start":{"line":277,"column":25},"end":{"line":279,"column":5}},"line":277},"67":{"name":"(anonymous_67)","decl":{"start":{"line":281,"column":4},"end":{"line":281,"column":5}},"loc":{"start":{"line":281,"column":23},"end":{"line":283,"column":5}},"line":281},"68":{"name":"(anonymous_68)","decl":{"start":{"line":285,"column":4},"end":{"line":285,"column":5}},"loc":{"start":{"line":285,"column":16},"end":{"line":287,"column":5}},"line":285},"69":{"name":"(anonymous_69)","decl":{"start":{"line":289,"column":4},"end":{"line":289,"column":5}},"loc":{"start":{"line":289,"column":17},"end":{"line":291,"column":5}},"line":289},"70":{"name":"(anonymous_70)","decl":{"start":{"line":296,"column":12},"end":{"line":296,"column":13}},"loc":{"start":{"line":296,"column":17},"end":{"line":296,"column":27}},"line":296}},"branchMap":{"0":{"loc":{"start":{"line":4,"column":16},"end":{"line":4,"column":22}},"type":"default-arg","locations":[{"start":{"line":4,"column":20},"end":{"line":4,"column":22}}],"line":4},"1":{"loc":{"start":{"line":4,"column":24},"end":{"line":4,"column":45}},"type":"default-arg","locations":[{"start":{"line":4,"column":43},"end":{"line":4,"column":45}}],"line":4},"2":{"loc":{"start":{"line":4,"column":25},"end":{"line":4,"column":39}},"type":"default-arg","locations":[{"start":{"line":4,"column":35},"end":{"line":4,"column":39}}],"line":4},"3":{"loc":{"start":{"line":10,"column":8},"end":{"line":12,"column":9}},"type":"if","locations":[{"start":{"line":10,"column":8},"end":{"line":12,"column":9}},{"start":{},"end":{}}],"line":10},"4":{"loc":{"start":{"line":20,"column":8},"end":{"line":20,"column":69}},"type":"if","locations":[{"start":{"line":20,"column":8},"end":{"line":20,"column":69}},{"start":{},"end":{}}],"line":20},"5":{"loc":{"start":{"line":20,"column":12},"end":{"line":20,"column":50}},"type":"binary-expr","locations":[{"start":{"line":20,"column":12},"end":{"line":20,"column":36}},{"start":{"line":20,"column":40},"end":{"line":20,"column":50}}],"line":20},"6":{"loc":{"start":{"line":29,"column":14},"end":{"line":29,"column":26}},"type":"default-arg","locations":[{"start":{"line":29,"column":22},"end":{"line":29,"column":26}}],"line":29},"7":{"loc":{"start":{"line":38,"column":8},"end":{"line":40,"column":9}},"type":"if","locations":[{"start":{"line":38,"column":8},"end":{"line":40,"column":9}},{"start":{},"end":{}}],"line":38}},"s":{"0":15,"1":15,"2":5,"3":0,"4":5,"5":0,"6":10,"7":8,"8":2,"9":2,"10":0,"11":0,"12":0,"13":7,"14":0,"15":7,"16":7,"17":1,"18":2,"19":2,"20":0,"21":0,"22":0,"23":0,"24":0,"25":0,"26":0,"27":0,"28":0,"29":0,"30":0,"31":0,"32":0,"33":0,"34":0,"35":0,"36":0,"37":0,"38":0,"39":0,"40":0,"41":0,"42":0,"43":0,"44":0,"45":0,"46":0,"47":0,"48":0,"49":0,"50":1,"51":0,"52":0,"53":0,"54":0,"55":0,"56":0,"57":0,"58":0,"59":0,"60":0,"61":0,"62":0,"63":0,"64":0,"65":0,"66":0,"67":0,"68":0,"69":0,"70":0,"71":0,"72":0,"73":0,"74":0,"75":0,"76":0,"77":0,"78":1,"79":7,"80":7,"81":12},"f":{"0":15,"1":5,"2":0,"3":10,"4":0,"5":0,"6":0,"7":7,"8":1,"9":2,"10":2,"11":0,"12":0,"13":0,"14":0,"15":0,"16":0,"17":0,"18":0,"19":0,"20":0,"21":0,"22":0,"23":0,"24":0,"25":0,"26":0,"27":0,"28":0,"29":0,"30":0,"31":0,"32":0,"33":0,"34":0,"35":0,"36":0,"37":0,"38":0,"39":0,"40":0,"41":1,"42":0,"43":0,"44":0,"45":0,"46":0,"47":0,"48":0,"49":0,"50":0,"51":0,"52":0,"53":0,"54":0,"55":0,"56":0,"57":0,"58":0,"59":0,"60":0,"61":0,"62":0,"63":0,"64":0,"65":0,"66":0,"67":0,"68":0,"69":1,"70":12},"b":{"0":[4],"1":[15],"2":[15],"3":[0,5],"4":[8,2],"5":[10,2],"6":[0],"7":[0,7]},"_coverageSchema":"1a1c01bbd47fc00a2c39e90264f33305004495a9","hash":"566438ad2c57ba9600a8e657f5b7a3eed7f6c113"}
,"P:\\Projects\\String\\src\\plugins\\append.js": {"path":"P:\\Projects\\String\\src\\plugins\\append.js","statementMap":{"0":{"start":{"line":4,"column":22},"end":{"line":4,"column":81}},"1":{"start":{"line":4,"column":51},"end":{"line":4,"column":81}}},"fnMap":{"0":{"name":"(anonymous_0)","decl":{"start":{"line":4,"column":22},"end":{"line":4,"column":23}},"loc":{"start":{"line":4,"column":51},"end":{"line":4,"column":81}},"line":4}},"branchMap":{"0":{"loc":{"start":{"line":4,"column":26},"end":{"line":4,"column":35}},"type":"default-arg","locations":[{"start":{"line":4,"column":33},"end":{"line":4,"column":35}}],"line":4},"1":{"loc":{"start":{"line":4,"column":37},"end":{"line":4,"column":46}},"type":"default-arg","locations":[{"start":{"line":4,"column":45},"end":{"line":4,"column":46}}],"line":4}},"s":{"0":7,"1":3},"f":{"0":3},"b":{"0":[0],"1":[0]},"_coverageSchema":"1a1c01bbd47fc00a2c39e90264f33305004495a9","hash":"c0c005e7a3b41a57982917bedb67116983707d1a"}
,"P:\\Projects\\String\\src\\plugins\\camel_case.js": {"path":"P:\\Projects\\String\\src\\plugins\\camel_case.js","statementMap":{"0":{"start":{"line":5,"column":25},"end":{"line":9,"column":1}},"1":{"start":{"line":6,"column":4},"end":{"line":8,"column":16}},"2":{"start":{"line":7,"column":8},"end":{"line":7,"column":58}}},"fnMap":{"0":{"name":"(anonymous_0)","decl":{"start":{"line":5,"column":25},"end":{"line":5,"column":26}},"loc":{"start":{"line":5,"column":30},"end":{"line":9,"column":1}},"line":5},"1":{"name":"(anonymous_1)","decl":{"start":{"line":6,"column":32},"end":{"line":6,"column":33}},"loc":{"start":{"line":6,"column":43},"end":{"line":8,"column":5}},"line":6}},"branchMap":{"0":{"loc":{"start":{"line":7,"column":15},"end":{"line":7,"column":58}},"type":"cond-expr","locations":[{"start":{"line":7,"column":25},"end":{"line":7,"column":41}},{"start":{"line":7,"column":44},"end":{"line":7,"column":58}}],"line":7}},"s":{"0":7,"1":3,"2":6},"f":{"0":3,"1":6},"b":{"0":[3,3]},"_coverageSchema":"1a1c01bbd47fc00a2c39e90264f33305004495a9","hash":"479ce60c218284d75759305fc40c65b028c978ab"}
,"P:\\Projects\\String\\src\\plugins\\capitalize.js": {"path":"P:\\Projects\\String\\src\\plugins\\capitalize.js","statementMap":{"0":{"start":{"line":3,"column":26},"end":{"line":7,"column":1}},"1":{"start":{"line":4,"column":13},"end":{"line":4,"column":21}},"2":{"start":{"line":5,"column":15},"end":{"line":5,"column":29}},"3":{"start":{"line":6,"column":4},"end":{"line":6,"column":81}}},"fnMap":{"0":{"name":"(anonymous_0)","decl":{"start":{"line":3,"column":26},"end":{"line":3,"column":27}},"loc":{"start":{"line":3,"column":49},"end":{"line":7,"column":1}},"line":3}},"branchMap":{"0":{"loc":{"start":{"line":3,"column":30},"end":{"line":3,"column":44}},"type":"default-arg","locations":[{"start":{"line":3,"column":39},"end":{"line":3,"column":44}}],"line":3},"1":{"loc":{"start":{"line":6,"column":46},"end":{"line":6,"column":80}},"type":"cond-expr","locations":[{"start":{"line":6,"column":55},"end":{"line":6,"column":73}},{"start":{"line":6,"column":76},"end":{"line":6,"column":80}}],"line":6}},"s":{"0":7,"1":9,"2":9,"3":9},"f":{"0":9},"b":{"0":[6],"1":[3,6]},"_coverageSchema":"1a1c01bbd47fc00a2c39e90264f33305004495a9","hash":"5cc7b4a352a307e65ca7ddde6ce626aa06d7c451"}
,"P:\\Projects\\String\\src\\plugins\\chars.js": {"path":"P:\\Projects\\String\\src\\plugins\\chars.js","statementMap":{"0":{"start":{"line":6,"column":21},"end":{"line":6,"column":99}},"1":{"start":{"line":6,"column":41},"end":{"line":6,"column":99}},"2":{"start":{"line":6,"column":78},"end":{"line":6,"column":98}}},"fnMap":{"0":{"name":"(anonymous_0)","decl":{"start":{"line":6,"column":21},"end":{"line":6,"column":22}},"loc":{"start":{"line":6,"column":41},"end":{"line":6,"column":99}},"line":6},"1":{"name":"(anonymous_1)","decl":{"start":{"line":6,"column":70},"end":{"line":6,"column":71}},"loc":{"start":{"line":6,"column":78},"end":{"line":6,"column":98}},"line":6}},"branchMap":{"0":{"loc":{"start":{"line":6,"column":25},"end":{"line":6,"column":36}},"type":"default-arg","locations":[{"start":{"line":6,"column":34},"end":{"line":6,"column":36}}],"line":6}},"s":{"0":7,"1":6,"2":18},"f":{"0":6,"1":18},"b":{"0":[3]},"_coverageSchema":"1a1c01bbd47fc00a2c39e90264f33305004495a9","hash":"3ad42dadfb0303bfcdabb82fc9e6e0a99a7dbfad"}
,"P:\\Projects\\String\\src\\plugins\\count.js": {"path":"P:\\Projects\\String\\src\\plugins\\count.js","statementMap":{"0":{"start":{"line":6,"column":21},"end":{"line":6,"column":41}},"1":{"start":{"line":6,"column":26},"end":{"line":6,"column":41}}},"fnMap":{"0":{"name":"(anonymous_0)","decl":{"start":{"line":6,"column":21},"end":{"line":6,"column":22}},"loc":{"start":{"line":6,"column":26},"end":{"line":6,"column":41}},"line":6}},"branchMap":{},"s":{"0":7,"1":0},"f":{"0":0},"b":{},"_coverageSchema":"1a1c01bbd47fc00a2c39e90264f33305004495a9","hash":"11b8e3ae93ff9eb25a968bf0c7450a09b829ed25"}
,"P:\\Projects\\String\\src\\plugins\\count_chars.js": {"path":"P:\\Projects\\String\\src\\plugins\\count_chars.js","statementMap":{"0":{"start":{"line":4,"column":26},"end":{"line":4,"column":64}},"1":{"start":{"line":4,"column":41},"end":{"line":4,"column":64}},"2":{"start":{"line":5,"column":32},"end":{"line":5,"column":83}},"3":{"start":{"line":5,"column":47},"end":{"line":5,"column":83}}},"fnMap":{"0":{"name":"(anonymous_0)","decl":{"start":{"line":4,"column":26},"end":{"line":4,"column":27}},"loc":{"start":{"line":4,"column":41},"end":{"line":4,"column":64}},"line":4},"1":{"name":"(anonymous_1)","decl":{"start":{"line":5,"column":32},"end":{"line":5,"column":33}},"loc":{"start":{"line":5,"column":47},"end":{"line":5,"column":83}},"line":5}},"branchMap":{},"s":{"0":7,"1":0,"2":7,"3":0},"f":{"0":0,"1":0},"b":{},"_coverageSchema":"1a1c01bbd47fc00a2c39e90264f33305004495a9","hash":"fbb9e2753f78da84e3c39fe88f7654938f0086b9"}
,"P:\\Projects\\String\\src\\plugins\\count_substrings.js": {"path":"P:\\Projects\\String\\src\\plugins\\count_substrings.js","statementMap":{"0":{"start":{"line":3,"column":27},"end":{"line":7,"column":1}},"1":{"start":{"line":4,"column":13},"end":{"line":4,"column":21}},"2":{"start":{"line":5,"column":15},"end":{"line":5,"column":25}},"3":{"start":{"line":6,"column":4},"end":{"line":6,"column":68}}},"fnMap":{"0":{"name":"(anonymous_0)","decl":{"start":{"line":3,"column":27},"end":{"line":3,"column":28}},"loc":{"start":{"line":3,"column":44},"end":{"line":7,"column":1}},"line":3}},"branchMap":{"0":{"loc":{"start":{"line":3,"column":31},"end":{"line":3,"column":39}},"type":"default-arg","locations":[{"start":{"line":3,"column":37},"end":{"line":3,"column":39}}],"line":3},"1":{"loc":{"start":{"line":6,"column":11},"end":{"line":6,"column":67}},"type":"cond-expr","locations":[{"start":{"line":6,"column":38},"end":{"line":6,"column":39}},{"start":{"line":6,"column":42},"end":{"line":6,"column":67}}],"line":6},"2":{"loc":{"start":{"line":6,"column":11},"end":{"line":6,"column":35}},"type":"binary-expr","locations":[{"start":{"line":6,"column":11},"end":{"line":6,"column":20}},{"start":{"line":6,"column":24},"end":{"line":6,"column":35}}],"line":6}},"s":{"0":7,"1":0,"2":0,"3":0},"f":{"0":0},"b":{"0":[0],"1":[0,0],"2":[0,0]},"_coverageSchema":"1a1c01bbd47fc00a2c39e90264f33305004495a9","hash":"df86c36afa49330a16f24e53728bf1db91e6df3d"}
,"P:\\Projects\\String\\src\\plugins\\count_words.js": {"path":"P:\\Projects\\String\\src\\plugins\\count_words.js","statementMap":{"0":{"start":{"line":4,"column":26},"end":{"line":4,"column":80}},"1":{"start":{"line":4,"column":49},"end":{"line":4,"column":80}},"2":{"start":{"line":5,"column":32},"end":{"line":5,"column":99}},"3":{"start":{"line":5,"column":55},"end":{"line":5,"column":99}}},"fnMap":{"0":{"name":"(anonymous_0)","decl":{"start":{"line":4,"column":26},"end":{"line":4,"column":27}},"loc":{"start":{"line":4,"column":49},"end":{"line":4,"column":80}},"line":4},"1":{"name":"(anonymous_1)","decl":{"start":{"line":5,"column":32},"end":{"line":5,"column":33}},"loc":{"start":{"line":5,"column":55},"end":{"line":5,"column":99}},"line":5}},"branchMap":{},"s":{"0":7,"1":0,"2":7,"3":0},"f":{"0":0,"1":0},"b":{},"_coverageSchema":"1a1c01bbd47fc00a2c39e90264f33305004495a9","hash":"be3ccc97d6d62fb2892e952067716f9556a43092"}
,"P:\\Projects\\String\\src\\plugins\\dashed_name.js": {"path":"P:\\Projects\\String\\src\\plugins\\dashed_name.js","statementMap":{"0":{"start":{"line":4,"column":26},"end":{"line":4,"column":88}},"1":{"start":{"line":4,"column":31},"end":{"line":4,"column":88}},"2":{"start":{"line":4,"column":60},"end":{"line":4,"column":76}}},"fnMap":{"0":{"name":"(anonymous_0)","decl":{"start":{"line":4,"column":26},"end":{"line":4,"column":27}},"loc":{"start":{"line":4,"column":31},"end":{"line":4,"column":88}},"line":4},"1":{"name":"(anonymous_1)","decl":{"start":{"line":4,"column":52},"end":{"line":4,"column":53}},"loc":{"start":{"line":4,"column":60},"end":{"line":4,"column":76}},"line":4}},"branchMap":{},"s":{"0":7,"1":0,"2":0},"f":{"0":0,"1":0},"b":{},"_coverageSchema":"1a1c01bbd47fc00a2c39e90264f33305004495a9","hash":"42f85e7c08c2c27e80350f041203742c88d6ea80"}
,"P:\\Projects\\String\\src\\plugins\\decapitalize.js": {"path":"P:\\Projects\\String\\src\\plugins\\decapitalize.js","statementMap":{"0":{"start":{"line":3,"column":28},"end":{"line":6,"column":1}},"1":{"start":{"line":4,"column":13},"end":{"line":4,"column":21}},"2":{"start":{"line":5,"column":4},"end":{"line":5,"column":59}}},"fnMap":{"0":{"name":"(anonymous_0)","decl":{"start":{"line":3,"column":28},"end":{"line":3,"column":29}},"loc":{"start":{"line":3,"column":33},"end":{"line":6,"column":1}},"line":3}},"branchMap":{},"s":{"0":7,"1":0,"2":0},"f":{"0":0},"b":{},"_coverageSchema":"1a1c01bbd47fc00a2c39e90264f33305004495a9","hash":"5edce6025aac048a171d14d6ceb5b49e6239f8fb"}
,"P:\\Projects\\String\\src\\plugins\\ends_with.js": {"path":"P:\\Projects\\String\\src\\plugins\\ends_with.js","statementMap":{"0":{"start":{"line":3,"column":24},"end":{"line":3,"column":68}},"1":{"start":{"line":3,"column":41},"end":{"line":3,"column":68}}},"fnMap":{"0":{"name":"(anonymous_0)","decl":{"start":{"line":3,"column":24},"end":{"line":3,"column":25}},"loc":{"start":{"line":3,"column":41},"end":{"line":3,"column":68}},"line":3}},"branchMap":{},"s":{"0":7,"1":0},"f":{"0":0},"b":{},"_coverageSchema":"1a1c01bbd47fc00a2c39e90264f33305004495a9","hash":"6fd4c4c7a27c1f3765bc2c677cd83769d5d1f19f"}
,"P:\\Projects\\String\\src\\plugins\\escape_html.js": {"path":"P:\\Projects\\String\\src\\plugins\\escape_html.js","statementMap":{"0":{"start":{"line":4,"column":28},"end":{"line":11,"column":1}},"1":{"start":{"line":14,"column":4},"end":{"line":14,"column":42}},"2":{"start":{"line":17,"column":26},"end":{"line":17,"column":104}},"3":{"start":{"line":17,"column":31},"end":{"line":17,"column":104}}},"fnMap":{"0":{"name":"replaceSpecialCharacter","decl":{"start":{"line":13,"column":9},"end":{"line":13,"column":32}},"loc":{"start":{"line":13,"column":44},"end":{"line":15,"column":1}},"line":13},"1":{"name":"(anonymous_1)","decl":{"start":{"line":17,"column":26},"end":{"line":17,"column":27}},"loc":{"start":{"line":17,"column":31},"end":{"line":17,"column":104}},"line":17}},"branchMap":{},"s":{"0":7,"1":0,"2":7,"3":0},"f":{"0":0,"1":0},"b":{},"_coverageSchema":"1a1c01bbd47fc00a2c39e90264f33305004495a9","hash":"e6bd6ecb332e2a34dfa90bbd294e5feedb3c7121"}
,"P:\\Projects\\String\\src\\plugins\\first.js": {"path":"P:\\Projects\\String\\src\\plugins\\first.js","statementMap":{"0":{"start":{"line":7,"column":21},"end":{"line":7,"column":61}},"1":{"start":{"line":7,"column":37},"end":{"line":7,"column":61}}},"fnMap":{"0":{"name":"(anonymous_0)","decl":{"start":{"line":7,"column":21},"end":{"line":7,"column":22}},"loc":{"start":{"line":7,"column":37},"end":{"line":7,"column":61}},"line":7}},"branchMap":{"0":{"loc":{"start":{"line":7,"column":25},"end":{"line":7,"column":32}},"type":"default-arg","locations":[{"start":{"line":7,"column":31},"end":{"line":7,"column":32}}],"line":7}},"s":{"0":7,"1":0},"f":{"0":0},"b":{"0":[0]},"_coverageSchema":"1a1c01bbd47fc00a2c39e90264f33305004495a9","hash":"ae75c5e8c0bc9eef15d4aea595eefc76471d0e84"}
,"P:\\Projects\\String\\src\\plugins\\includes.js": {"path":"P:\\Projects\\String\\src\\plugins\\includes.js","statementMap":{"0":{"start":{"line":3,"column":24},"end":{"line":3,"column":68}},"1":{"start":{"line":3,"column":41},"end":{"line":3,"column":68}}},"fnMap":{"0":{"name":"(anonymous_0)","decl":{"start":{"line":3,"column":24},"end":{"line":3,"column":25}},"loc":{"start":{"line":3,"column":41},"end":{"line":3,"column":68}},"line":3}},"branchMap":{},"s":{"0":7,"1":0},"f":{"0":0},"b":{},"_coverageSchema":"1a1c01bbd47fc00a2c39e90264f33305004495a9","hash":"4814286f039c6203798fa87f578ff5003a6db235"}
,"P:\\Projects\\String\\src\\plugins\\insert.js": {"path":"P:\\Projects\\String\\src\\plugins\\insert.js","statementMap":{"0":{"start":{"line":3,"column":22},"end":{"line":6,"column":1}},"1":{"start":{"line":4,"column":13},"end":{"line":4,"column":21}},"2":{"start":{"line":5,"column":4},"end":{"line":5,"column":51}}},"fnMap":{"0":{"name":"(anonymous_0)","decl":{"start":{"line":3,"column":22},"end":{"line":3,"column":23}},"loc":{"start":{"line":3,"column":48},"end":{"line":6,"column":1}},"line":3}},"branchMap":{"0":{"loc":{"start":{"line":3,"column":26},"end":{"line":3,"column":34}},"type":"default-arg","locations":[{"start":{"line":3,"column":32},"end":{"line":3,"column":34}}],"line":3},"1":{"loc":{"start":{"line":3,"column":36},"end":{"line":3,"column":43}},"type":"default-arg","locations":[{"start":{"line":3,"column":42},"end":{"line":3,"column":43}}],"line":3}},"s":{"0":7,"1":0,"2":0},"f":{"0":0},"b":{"0":[0],"1":[0]},"_coverageSchema":"1a1c01bbd47fc00a2c39e90264f33305004495a9","hash":"d7deccc6360eea83aefafba2e19fff0025359481"}
,"P:\\Projects\\String\\src\\plugins\\is_alpha.js": {"path":"P:\\Projects\\String\\src\\plugins\\is_alpha.js","statementMap":{"0":{"start":{"line":4,"column":23},"end":{"line":4,"column":55}},"1":{"start":{"line":4,"column":28},"end":{"line":4,"column":55}}},"fnMap":{"0":{"name":"(anonymous_0)","decl":{"start":{"line":4,"column":23},"end":{"line":4,"column":24}},"loc":{"start":{"line":4,"column":28},"end":{"line":4,"column":55}},"line":4}},"branchMap":{},"s":{"0":7,"1":0},"f":{"0":0},"b":{},"_coverageSchema":"1a1c01bbd47fc00a2c39e90264f33305004495a9","hash":"9e32c160601a1db9d28e3ebefef7cff99b12d1fe"}
,"P:\\Projects\\String\\src\\plugins\\is_alpha_digit.js": {"path":"P:\\Projects\\String\\src\\plugins\\is_alpha_digit.js","statementMap":{"0":{"start":{"line":4,"column":28},"end":{"line":4,"column":66}},"1":{"start":{"line":4,"column":33},"end":{"line":4,"column":66}}},"fnMap":{"0":{"name":"(anonymous_0)","decl":{"start":{"line":4,"column":28},"end":{"line":4,"column":29}},"loc":{"start":{"line":4,"column":33},"end":{"line":4,"column":66}},"line":4}},"branchMap":{},"s":{"0":7,"1":0},"f":{"0":0},"b":{},"_coverageSchema":"1a1c01bbd47fc00a2c39e90264f33305004495a9","hash":"784244d9608c36162b4efc7fd09a0ca4ba58e4ec"}
,"P:\\Projects\\String\\src\\plugins\\is_blank.js": {"path":"P:\\Projects\\String\\src\\plugins\\is_blank.js","statementMap":{"0":{"start":{"line":4,"column":23},"end":{"line":4,"column":98}},"1":{"start":{"line":4,"column":45},"end":{"line":4,"column":98}}},"fnMap":{"0":{"name":"(anonymous_0)","decl":{"start":{"line":4,"column":23},"end":{"line":4,"column":24}},"loc":{"start":{"line":4,"column":45},"end":{"line":4,"column":98}},"line":4}},"branchMap":{"0":{"loc":{"start":{"line":4,"column":27},"end":{"line":4,"column":40}},"type":"default-arg","locations":[{"start":{"line":4,"column":36},"end":{"line":4,"column":40}}],"line":4},"1":{"loc":{"start":{"line":4,"column":45},"end":{"line":4,"column":98}},"type":"cond-expr","locations":[{"start":{"line":4,"column":54},"end":{"line":4,"column":75}},{"start":{"line":4,"column":78},"end":{"line":4,"column":98}}],"line":4}},"s":{"0":7,"1":0},"f":{"0":0},"b":{"0":[0],"1":[0,0]},"_coverageSchema":"1a1c01bbd47fc00a2c39e90264f33305004495a9","hash":"f4ea8d1e9cefb1fcc6063b66aa6d9f99cb834bc2"}
,"P:\\Projects\\String\\src\\plugins\\is_digit.js": {"path":"P:\\Projects\\String\\src\\plugins\\is_digit.js","statementMap":{"0":{"start":{"line":4,"column":23},"end":{"line":4,"column":55}},"1":{"start":{"line":4,"column":28},"end":{"line":4,"column":55}}},"fnMap":{"0":{"name":"(anonymous_0)","decl":{"start":{"line":4,"column":23},"end":{"line":4,"column":24}},"loc":{"start":{"line":4,"column":28},"end":{"line":4,"column":55}},"line":4}},"branchMap":{},"s":{"0":7,"1":0},"f":{"0":0},"b":{},"_coverageSchema":"1a1c01bbd47fc00a2c39e90264f33305004495a9","hash":"65db99e8ace16d7e7bedd28ffd342577e7e69386"}
,"P:\\Projects\\String\\src\\plugins\\is_empty.js": {"path":"P:\\Projects\\String\\src\\plugins\\is_empty.js","statementMap":{"0":{"start":{"line":3,"column":23},"end":{"line":3,"column":48}},"1":{"start":{"line":3,"column":28},"end":{"line":3,"column":48}}},"fnMap":{"0":{"name":"(anonymous_0)","decl":{"start":{"line":3,"column":23},"end":{"line":3,"column":24}},"loc":{"start":{"line":3,"column":28},"end":{"line":3,"column":48}},"line":3}},"branchMap":{},"s":{"0":7,"1":0},"f":{"0":0},"b":{},"_coverageSchema":"1a1c01bbd47fc00a2c39e90264f33305004495a9","hash":"a77d81da713f5efc28ea8d75756c58c5f8aa19d1"}
,"P:\\Projects\\String\\src\\plugins\\is_lower.js": {"path":"P:\\Projects\\String\\src\\plugins\\is_lower.js","statementMap":{"0":{"start":{"line":3,"column":23},"end":{"line":3,"column":42}},"1":{"start":{"line":3,"column":28},"end":{"line":3,"column":42}}},"fnMap":{"0":{"name":"(anonymous_0)","decl":{"start":{"line":3,"column":23},"end":{"line":3,"column":24}},"loc":{"start":{"line":3,"column":28},"end":{"line":3,"column":42}},"line":3}},"branchMap":{},"s":{"0":7,"1":0},"f":{"0":0},"b":{},"_coverageSchema":"1a1c01bbd47fc00a2c39e90264f33305004495a9","hash":"debdd51108adf327f34a19a0543a3dc616561954"}
,"P:\\Projects\\String\\src\\plugins\\is_string.js": {"path":"P:\\Projects\\String\\src\\plugins\\is_string.js","statementMap":{"0":{"start":{"line":1,"column":24},"end":{"line":1,"column":50}},"1":{"start":{"line":1,"column":29},"end":{"line":1,"column":50}}},"fnMap":{"0":{"name":"(anonymous_0)","decl":{"start":{"line":1,"column":24},"end":{"line":1,"column":25}},"loc":{"start":{"line":1,"column":29},"end":{"line":1,"column":50}},"line":1}},"branchMap":{},"s":{"0":7,"1":0},"f":{"0":0},"b":{},"_coverageSchema":"1a1c01bbd47fc00a2c39e90264f33305004495a9","hash":"b8673cd90e214a2cb9baa951bb0a32e53968847c"}
,"P:\\Projects\\String\\src\\plugins\\is_upper.js": {"path":"P:\\Projects\\String\\src\\plugins\\is_upper.js","statementMap":{"0":{"start":{"line":3,"column":23},"end":{"line":3,"column":42}},"1":{"start":{"line":3,"column":28},"end":{"line":3,"column":42}}},"fnMap":{"0":{"name":"(anonymous_0)","decl":{"start":{"line":3,"column":23},"end":{"line":3,"column":24}},"loc":{"start":{"line":3,"column":28},"end":{"line":3,"column":42}},"line":3}},"branchMap":{},"s":{"0":7,"1":0},"f":{"0":0},"b":{},"_coverageSchema":"1a1c01bbd47fc00a2c39e90264f33305004495a9","hash":"f44b0d498f66d59b8c8c9c48f9763c27c57c01d1"}
,"P:\\Projects\\String\\src\\plugins\\kebab_case.js": {"path":"P:\\Projects\\String\\src\\plugins\\kebab_case.js","statementMap":{"0":{"start":{"line":4,"column":21},"end":{"line":4,"column":104}},"1":{"start":{"line":4,"column":44},"end":{"line":4,"column":104}},"2":{"start":{"line":4,"column":71},"end":{"line":4,"column":87}}},"fnMap":{"0":{"name":"(anonymous_0)","decl":{"start":{"line":4,"column":21},"end":{"line":4,"column":22}},"loc":{"start":{"line":4,"column":44},"end":{"line":4,"column":104}},"line":4},"1":{"name":"(anonymous_1)","decl":{"start":{"line":4,"column":65},"end":{"line":4,"column":66}},"loc":{"start":{"line":4,"column":71},"end":{"line":4,"column":87}},"line":4}},"branchMap":{"0":{"loc":{"start":{"line":4,"column":25},"end":{"line":4,"column":39}},"type":"default-arg","locations":[{"start":{"line":4,"column":36},"end":{"line":4,"column":39}}],"line":4}},"s":{"0":7,"1":0,"2":0},"f":{"0":0,"1":0},"b":{"0":[0]},"_coverageSchema":"1a1c01bbd47fc00a2c39e90264f33305004495a9","hash":"c7944b64bae3fc7693d7f4869e616158d7318012"}
,"P:\\Projects\\String\\src\\plugins\\last.js": {"path":"P:\\Projects\\String\\src\\plugins\\last.js","statementMap":{"0":{"start":{"line":7,"column":20},"end":{"line":10,"column":1}},"1":{"start":{"line":8,"column":11},"end":{"line":8,"column":19}},"2":{"start":{"line":9,"column":2},"end":{"line":9,"column":47}}},"fnMap":{"0":{"name":"(anonymous_0)","decl":{"start":{"line":7,"column":20},"end":{"line":7,"column":21}},"loc":{"start":{"line":7,"column":36},"end":{"line":10,"column":1}},"line":7}},"branchMap":{"0":{"loc":{"start":{"line":7,"column":24},"end":{"line":7,"column":31}},"type":"default-arg","locations":[{"start":{"line":7,"column":30},"end":{"line":7,"column":31}}],"line":7},"1":{"loc":{"start":{"line":9,"column":9},"end":{"line":9,"column":46}},"type":"cond-expr","locations":[{"start":{"line":9,"column":14},"end":{"line":9,"column":41}},{"start":{"line":9,"column":44},"end":{"line":9,"column":46}}],"line":9}},"s":{"0":7,"1":0,"2":0},"f":{"0":0},"b":{"0":[0],"1":[0,0]},"_coverageSchema":"1a1c01bbd47fc00a2c39e90264f33305004495a9","hash":"63f6de03e1321e2bd6503cdeeb9557913b2cdd50"}
,"P:\\Projects\\String\\src\\plugins\\lower_case.js": {"path":"P:\\Projects\\String\\src\\plugins\\lower_case.js","statementMap":{"0":{"start":{"line":3,"column":21},"end":{"line":3,"column":48}},"1":{"start":{"line":3,"column":26},"end":{"line":3,"column":48}}},"fnMap":{"0":{"name":"(anonymous_0)","decl":{"start":{"line":3,"column":21},"end":{"line":3,"column":22}},"loc":{"start":{"line":3,"column":26},"end":{"line":3,"column":48}},"line":3}},"branchMap":{},"s":{"0":7,"1":0},"f":{"0":0},"b":{},"_coverageSchema":"1a1c01bbd47fc00a2c39e90264f33305004495a9","hash":"bf77b94bcd8c02e9faaa715bd43e88cefc0f8246"}
,"P:\\Projects\\String\\src\\plugins\\matches.js": {"path":"P:\\Projects\\String\\src\\plugins\\matches.js","statementMap":{"0":{"start":{"line":4,"column":23},"end":{"line":16,"column":1}},"1":{"start":{"line":5,"column":13},"end":{"line":5,"column":21}},"2":{"start":{"line":8,"column":4},"end":{"line":14,"column":5}},"3":{"start":{"line":9,"column":8},"end":{"line":9,"column":56}},"4":{"start":{"line":10,"column":8},"end":{"line":12,"column":9}},"5":{"start":{"line":11,"column":12},"end":{"line":11,"column":24}},"6":{"start":{"line":13,"column":8},"end":{"line":13,"column":47}},"7":{"start":{"line":15,"column":4},"end":{"line":15,"column":27}}},"fnMap":{"0":{"name":"(anonymous_0)","decl":{"start":{"line":4,"column":23},"end":{"line":4,"column":24}},"loc":{"start":{"line":4,"column":51},"end":{"line":16,"column":1}},"line":4}},"branchMap":{"0":{"loc":{"start":{"line":4,"column":36},"end":{"line":4,"column":46}},"type":"default-arg","locations":[{"start":{"line":4,"column":44},"end":{"line":4,"column":46}}],"line":4},"1":{"loc":{"start":{"line":8,"column":4},"end":{"line":14,"column":5}},"type":"if","locations":[{"start":{"line":8,"column":4},"end":{"line":14,"column":5}},{"start":{},"end":{}}],"line":8},"2":{"loc":{"start":{"line":9,"column":21},"end":{"line":9,"column":56}},"type":"cond-expr","locations":[{"start":{"line":9,"column":31},"end":{"line":9,"column":51}},{"start":{"line":9,"column":54},"end":{"line":9,"column":56}}],"line":9},"3":{"loc":{"start":{"line":10,"column":8},"end":{"line":12,"column":9}},"type":"if","locations":[{"start":{"line":10,"column":8},"end":{"line":12,"column":9}},{"start":{},"end":{}}],"line":10}},"s":{"0":7,"1":0,"2":0,"3":0,"4":0,"5":0,"6":0,"7":0},"f":{"0":0},"b":{"0":[0],"1":[0,0],"2":[0,0],"3":[0,0]},"_coverageSchema":"1a1c01bbd47fc00a2c39e90264f33305004495a9","hash":"c7d0bad249185c35e646b62c0277a41d3a8df51a"}
,"P:\\Projects\\String\\src\\plugins\\pad.js": {"path":"P:\\Projects\\String\\src\\plugins\\pad.js","statementMap":{"0":{"start":{"line":7,"column":19},"end":{"line":12,"column":1}},"1":{"start":{"line":8,"column":22},"end":{"line":8,"column":32}},"2":{"start":{"line":9,"column":19},"end":{"line":9,"column":34}},"3":{"start":{"line":11,"column":4},"end":{"line":11,"column":49}},"4":{"start":{"line":14,"column":13},"end":{"line":26,"column":1}},"5":{"start":{"line":15,"column":13},"end":{"line":15,"column":21}},"6":{"start":{"line":16,"column":15},"end":{"line":16,"column":71}},"7":{"start":{"line":17,"column":18},"end":{"line":17,"column":28}},"8":{"start":{"line":18,"column":22},"end":{"line":18,"column":38}},"9":{"start":{"line":19,"column":19},"end":{"line":19,"column":30}},"10":{"start":{"line":21,"column":4},"end":{"line":21,"column":54}},"11":{"start":{"line":21,"column":44},"end":{"line":21,"column":53}},"12":{"start":{"line":23,"column":15},"end":{"line":23,"column":40}},"13":{"start":{"line":25,"column":4},"end":{"line":25,"column":39}},"14":{"start":{"line":28,"column":20},"end":{"line":30,"column":1}},"15":{"start":{"line":29,"column":4},"end":{"line":29,"column":34}},"16":{"start":{"line":32,"column":20},"end":{"line":34,"column":1}},"17":{"start":{"line":33,"column":4},"end":{"line":33,"column":35}},"18":{"start":{"line":36,"column":19},"end":{"line":47,"column":1}},"19":{"start":{"line":37,"column":13},"end":{"line":37,"column":21}},"20":{"start":{"line":38,"column":15},"end":{"line":38,"column":71}},"21":{"start":{"line":39,"column":18},"end":{"line":39,"column":28}},"22":{"start":{"line":40,"column":22},"end":{"line":40,"column":38}},"23":{"start":{"line":41,"column":19},"end":{"line":41,"column":41}},"24":{"start":{"line":42,"column":24},"end":{"line":42,"column":39}},"25":{"start":{"line":44,"column":4},"end":{"line":44,"column":54}},"26":{"start":{"line":44,"column":44},"end":{"line":44,"column":53}},"27":{"start":{"line":46,"column":4},"end":{"line":46,"column":85}}},"fnMap":{"0":{"name":"(anonymous_0)","decl":{"start":{"line":7,"column":19},"end":{"line":7,"column":20}},"loc":{"start":{"line":7,"column":37},"end":{"line":12,"column":1}},"line":7},"1":{"name":"(anonymous_1)","decl":{"start":{"line":14,"column":13},"end":{"line":14,"column":14}},"loc":{"start":{"line":14,"column":53},"end":{"line":26,"column":1}},"line":14},"2":{"name":"(anonymous_2)","decl":{"start":{"line":28,"column":20},"end":{"line":28,"column":21}},"loc":{"start":{"line":28,"column":47},"end":{"line":30,"column":1}},"line":28},"3":{"name":"(anonymous_3)","decl":{"start":{"line":32,"column":20},"end":{"line":32,"column":21}},"loc":{"start":{"line":32,"column":47},"end":{"line":34,"column":1}},"line":32},"4":{"name":"(anonymous_4)","decl":{"start":{"line":36,"column":19},"end":{"line":36,"column":20}},"loc":{"start":{"line":36,"column":45},"end":{"line":47,"column":1}},"line":36}},"branchMap":{"0":{"loc":{"start":{"line":7,"column":25},"end":{"line":7,"column":32}},"type":"default-arg","locations":[{"start":{"line":7,"column":31},"end":{"line":7,"column":32}}],"line":7},"1":{"loc":{"start":{"line":14,"column":17},"end":{"line":14,"column":25}},"type":"default-arg","locations":[{"start":{"line":14,"column":23},"end":{"line":14,"column":25}}],"line":14},"2":{"loc":{"start":{"line":14,"column":27},"end":{"line":14,"column":34}},"type":"default-arg","locations":[{"start":{"line":14,"column":33},"end":{"line":14,"column":34}}],"line":14},"3":{"loc":{"start":{"line":14,"column":36},"end":{"line":14,"column":48}},"type":"default-arg","locations":[{"start":{"line":14,"column":43},"end":{"line":14,"column":48}}],"line":14},"4":{"loc":{"start":{"line":16,"column":15},"end":{"line":16,"column":71}},"type":"cond-expr","locations":[{"start":{"line":16,"column":22},"end":{"line":16,"column":31}},{"start":{"line":16,"column":34},"end":{"line":16,"column":71}}],"line":16},"5":{"loc":{"start":{"line":21,"column":4},"end":{"line":21,"column":54}},"type":"if","locations":[{"start":{"line":21,"column":4},"end":{"line":21,"column":54}},{"start":{},"end":{}}],"line":21},"6":{"loc":{"start":{"line":21,"column":8},"end":{"line":21,"column":41}},"type":"binary-expr","locations":[{"start":{"line":21,"column":8},"end":{"line":21,"column":24}},{"start":{"line":21,"column":28},"end":{"line":21,"column":41}}],"line":21},"7":{"loc":{"start":{"line":25,"column":11},"end":{"line":25,"column":39}},"type":"cond-expr","locations":[{"start":{"line":25,"column":18},"end":{"line":25,"column":27}},{"start":{"line":25,"column":30},"end":{"line":25,"column":39}}],"line":25},"8":{"loc":{"start":{"line":28,"column":24},"end":{"line":28,"column":33}},"type":"default-arg","locations":[{"start":{"line":28,"column":30},"end":{"line":28,"column":33}}],"line":28},"9":{"loc":{"start":{"line":28,"column":35},"end":{"line":28,"column":42}},"type":"default-arg","locations":[{"start":{"line":28,"column":41},"end":{"line":28,"column":42}}],"line":28},"10":{"loc":{"start":{"line":32,"column":24},"end":{"line":32,"column":33}},"type":"default-arg","locations":[{"start":{"line":32,"column":30},"end":{"line":32,"column":33}}],"line":32},"11":{"loc":{"start":{"line":32,"column":35},"end":{"line":32,"column":42}},"type":"default-arg","locations":[{"start":{"line":32,"column":41},"end":{"line":32,"column":42}}],"line":32},"12":{"loc":{"start":{"line":36,"column":23},"end":{"line":36,"column":31}},"type":"default-arg","locations":[{"start":{"line":36,"column":29},"end":{"line":36,"column":31}}],"line":36},"13":{"loc":{"start":{"line":36,"column":33},"end":{"line":36,"column":40}},"type":"default-arg","locations":[{"start":{"line":36,"column":39},"end":{"line":36,"column":40}}],"line":36},"14":{"loc":{"start":{"line":38,"column":15},"end":{"line":38,"column":71}},"type":"cond-expr","locations":[{"start":{"line":38,"column":22},"end":{"line":38,"column":31}},{"start":{"line":38,"column":34},"end":{"line":38,"column":71}}],"line":38},"15":{"loc":{"start":{"line":44,"column":4},"end":{"line":44,"column":54}},"type":"if","locations":[{"start":{"line":44,"column":4},"end":{"line":44,"column":54}},{"start":{},"end":{}}],"line":44},"16":{"loc":{"start":{"line":44,"column":8},"end":{"line":44,"column":41}},"type":"binary-expr","locations":[{"start":{"line":44,"column":8},"end":{"line":44,"column":24}},{"start":{"line":44,"column":28},"end":{"line":44,"column":41}}],"line":44}},"s":{"0":7,"1":0,"2":0,"3":0,"4":7,"5":0,"6":0,"7":0,"8":0,"9":0,"10":0,"11":0,"12":0,"13":0,"14":7,"15":0,"16":7,"17":0,"18":7,"19":0,"20":0,"21":0,"22":0,"23":0,"24":0,"25":0,"26":0,"27":0},"f":{"0":0,"1":0,"2":0,"3":0,"4":0},"b":{"0":[0],"1":[0],"2":[0],"3":[0],"4":[0,0],"5":[0,0],"6":[0,0],"7":[0,0],"8":[0],"9":[0],"10":[0],"11":[0],"12":[0],"13":[0],"14":[0,0],"15":[0,0],"16":[0,0]},"_coverageSchema":"1a1c01bbd47fc00a2c39e90264f33305004495a9","hash":"d4725b0287e05c1649aa925764e6dfccb2e4d748"}
,"P:\\Projects\\String\\src\\plugins\\prepend.js": {"path":"P:\\Projects\\String\\src\\plugins\\prepend.js","statementMap":{"0":{"start":{"line":4,"column":23},"end":{"line":4,"column":82}},"1":{"start":{"line":4,"column":52},"end":{"line":4,"column":82}}},"fnMap":{"0":{"name":"(anonymous_0)","decl":{"start":{"line":4,"column":23},"end":{"line":4,"column":24}},"loc":{"start":{"line":4,"column":52},"end":{"line":4,"column":82}},"line":4}},"branchMap":{"0":{"loc":{"start":{"line":4,"column":27},"end":{"line":4,"column":36}},"type":"default-arg","locations":[{"start":{"line":4,"column":34},"end":{"line":4,"column":36}}],"line":4},"1":{"loc":{"start":{"line":4,"column":38},"end":{"line":4,"column":47}},"type":"default-arg","locations":[{"start":{"line":4,"column":46},"end":{"line":4,"column":47}}],"line":4}},"s":{"0":7,"1":0},"f":{"0":0},"b":{"0":[0],"1":[0]},"_coverageSchema":"1a1c01bbd47fc00a2c39e90264f33305004495a9","hash":"3b950757be11ea061527631282c7579c3f865ada"}
,"P:\\Projects\\String\\src\\plugins\\prune.js": {"path":"P:\\Projects\\String\\src\\plugins\\prune.js","statementMap":{"0":{"start":{"line":10,"column":21},"end":{"line":24,"column":1}},"1":{"start":{"line":11,"column":13},"end":{"line":11,"column":21}},"2":{"start":{"line":12,"column":15},"end":{"line":12,"column":71}},"3":{"start":{"line":13,"column":24},"end":{"line":13,"column":25}},"4":{"start":{"line":14,"column":20},"end":{"line":14,"column":84}},"5":{"start":{"line":16,"column":4},"end":{"line":21,"column":7}},"6":{"start":{"line":17,"column":27},"end":{"line":17,"column":47}},"7":{"start":{"line":18,"column":8},"end":{"line":20,"column":9}},"8":{"start":{"line":19,"column":12},"end":{"line":19,"column":39}},"9":{"start":{"line":23,"column":4},"end":{"line":23,"column":45}}},"fnMap":{"0":{"name":"(anonymous_0)","decl":{"start":{"line":10,"column":21},"end":{"line":10,"column":22}},"loc":{"start":{"line":10,"column":47},"end":{"line":24,"column":1}},"line":10},"1":{"name":"(anonymous_1)","decl":{"start":{"line":16,"column":24},"end":{"line":16,"column":25}},"loc":{"start":{"line":16,"column":42},"end":{"line":21,"column":5}},"line":16}},"branchMap":{"0":{"loc":{"start":{"line":10,"column":25},"end":{"line":10,"column":32}},"type":"default-arg","locations":[{"start":{"line":10,"column":31},"end":{"line":10,"column":32}}],"line":10},"1":{"loc":{"start":{"line":10,"column":34},"end":{"line":10,"column":42}},"type":"default-arg","locations":[{"start":{"line":10,"column":40},"end":{"line":10,"column":42}}],"line":10},"2":{"loc":{"start":{"line":12,"column":15},"end":{"line":12,"column":71}},"type":"cond-expr","locations":[{"start":{"line":12,"column":22},"end":{"line":12,"column":31}},{"start":{"line":12,"column":34},"end":{"line":12,"column":71}}],"line":12},"3":{"loc":{"start":{"line":14,"column":20},"end":{"line":14,"column":84}},"type":"cond-expr","locations":[{"start":{"line":14,"column":53},"end":{"line":14,"column":70}},{"start":{"line":14,"column":73},"end":{"line":14,"column":84}}],"line":14},"4":{"loc":{"start":{"line":18,"column":8},"end":{"line":20,"column":9}},"type":"if","locations":[{"start":{"line":18,"column":8},"end":{"line":20,"column":9}},{"start":{},"end":{}}],"line":18}},"s":{"0":7,"1":0,"2":0,"3":0,"4":0,"5":0,"6":0,"7":0,"8":0,"9":0},"f":{"0":0,"1":0},"b":{"0":[0],"1":[0],"2":[0,0],"3":[0,0],"4":[0,0]},"_coverageSchema":"1a1c01bbd47fc00a2c39e90264f33305004495a9","hash":"a525f32612c8ce07a8ef72662ff870536507336f"}
,"P:\\Projects\\String\\src\\plugins\\repeat.js": {"path":"P:\\Projects\\String\\src\\plugins\\repeat.js","statementMap":{"0":{"start":{"line":6,"column":22},"end":{"line":20,"column":1}},"1":{"start":{"line":7,"column":13},"end":{"line":7,"column":21}},"2":{"start":{"line":8,"column":17},"end":{"line":8,"column":77}},"3":{"start":{"line":9,"column":20},"end":{"line":9,"column":22}},"4":{"start":{"line":11,"column":4},"end":{"line":13,"column":5}},"5":{"start":{"line":12,"column":8},"end":{"line":12,"column":18}},"6":{"start":{"line":15,"column":4},"end":{"line":17,"column":5}},"7":{"start":{"line":15,"column":16},"end":{"line":15,"column":17}},"8":{"start":{"line":16,"column":8},"end":{"line":16,"column":21}},"9":{"start":{"line":19,"column":4},"end":{"line":19,"column":13}}},"fnMap":{"0":{"name":"(anonymous_0)","decl":{"start":{"line":6,"column":22},"end":{"line":6,"column":23}},"loc":{"start":{"line":6,"column":40},"end":{"line":20,"column":1}},"line":6}},"branchMap":{"0":{"loc":{"start":{"line":6,"column":26},"end":{"line":6,"column":35}},"type":"default-arg","locations":[{"start":{"line":6,"column":34},"end":{"line":6,"column":35}}],"line":6},"1":{"loc":{"start":{"line":8,"column":17},"end":{"line":8,"column":77}},"type":"cond-expr","locations":[{"start":{"line":8,"column":26},"end":{"line":8,"column":35}},{"start":{"line":8,"column":38},"end":{"line":8,"column":77}}],"line":8},"2":{"loc":{"start":{"line":11,"column":4},"end":{"line":13,"column":5}},"type":"if","locations":[{"start":{"line":11,"column":4},"end":{"line":13,"column":5}},{"start":{},"end":{}}],"line":11}},"s":{"0":7,"1":3,"2":3,"3":3,"4":3,"5":0,"6":3,"7":3,"8":12,"9":3},"f":{"0":3},"b":{"0":[0],"1":[0,3],"2":[0,3]},"_coverageSchema":"1a1c01bbd47fc00a2c39e90264f33305004495a9","hash":"7af72a738e311713ba4ebd9da94bc0358b72a9fc"}
,"P:\\Projects\\String\\src\\plugins\\reverse.js": {"path":"P:\\Projects\\String\\src\\plugins\\reverse.js","statementMap":{"0":{"start":{"line":4,"column":23},"end":{"line":4,"column":80}},"1":{"start":{"line":4,"column":38},"end":{"line":4,"column":80}}},"fnMap":{"0":{"name":"(anonymous_0)","decl":{"start":{"line":4,"column":23},"end":{"line":4,"column":24}},"loc":{"start":{"line":4,"column":38},"end":{"line":4,"column":80}},"line":4}},"branchMap":{},"s":{"0":7,"1":0},"f":{"0":0},"b":{},"_coverageSchema":"1a1c01bbd47fc00a2c39e90264f33305004495a9","hash":"54876e02d8059eb1efd0ee926d78528f4520e960"}
,"P:\\Projects\\String\\src\\plugins\\shorten.js": {"path":"P:\\Projects\\String\\src\\plugins\\shorten.js","statementMap":{"0":{"start":{"line":1,"column":23},"end":{"line":1,"column":111}},"1":{"start":{"line":1,"column":48},"end":{"line":1,"column":111}}},"fnMap":{"0":{"name":"(anonymous_0)","decl":{"start":{"line":1,"column":23},"end":{"line":1,"column":24}},"loc":{"start":{"line":1,"column":48},"end":{"line":1,"column":111}},"line":1}},"branchMap":{"0":{"loc":{"start":{"line":1,"column":27},"end":{"line":1,"column":32}},"type":"default-arg","locations":[{"start":{"line":1,"column":31},"end":{"line":1,"column":32}}],"line":1},"1":{"loc":{"start":{"line":1,"column":34},"end":{"line":1,"column":43}},"type":"default-arg","locations":[{"start":{"line":1,"column":38},"end":{"line":1,"column":43}}],"line":1},"2":{"loc":{"start":{"line":1,"column":48},"end":{"line":1,"column":111}},"type":"cond-expr","locations":[{"start":{"line":1,"column":53},"end":{"line":1,"column":54}},{"start":{"line":1,"column":57},"end":{"line":1,"column":111}}],"line":1}},"s":{"0":7,"1":3},"f":{"0":3},"b":{"0":[0],"1":[3],"2":[0,3]},"_coverageSchema":"1a1c01bbd47fc00a2c39e90264f33305004495a9","hash":"89ed0d3a025e8b8a3f22afd1329ca4e2ccf15a93"}
,"P:\\Projects\\String\\src\\plugins\\shuffle.js": {"path":"P:\\Projects\\String\\src\\plugins\\shuffle.js","statementMap":{"0":{"start":{"line":4,"column":23},"end":{"line":4,"column":69}},"1":{"start":{"line":4,"column":28},"end":{"line":4,"column":69}}},"fnMap":{"0":{"name":"(anonymous_0)","decl":{"start":{"line":4,"column":23},"end":{"line":4,"column":24}},"loc":{"start":{"line":4,"column":28},"end":{"line":4,"column":69}},"line":4}},"branchMap":{},"s":{"0":7,"1":0},"f":{"0":0},"b":{},"_coverageSchema":"1a1c01bbd47fc00a2c39e90264f33305004495a9","hash":"08d50383830d26d4e8f46e74d59beac31e7ffd65"}
,"P:\\Projects\\String\\src\\plugins\\slice.js": {"path":"P:\\Projects\\String\\src\\plugins\\slice.js","statementMap":{"0":{"start":{"line":7,"column":21},"end":{"line":19,"column":1}},"1":{"start":{"line":8,"column":11},"end":{"line":8,"column":19}},"2":{"start":{"line":9,"column":12},"end":{"line":9,"column":14}},"3":{"start":{"line":10,"column":12},"end":{"line":10,"column":41}},"4":{"start":{"line":12,"column":2},"end":{"line":16,"column":3}},"5":{"start":{"line":12,"column":14},"end":{"line":12,"column":15}},"6":{"start":{"line":13,"column":4},"end":{"line":15,"column":5}},"7":{"start":{"line":18,"column":2},"end":{"line":18,"column":12}}},"fnMap":{"0":{"name":"(anonymous_0)","decl":{"start":{"line":7,"column":21},"end":{"line":7,"column":22}},"loc":{"start":{"line":7,"column":39},"end":{"line":19,"column":1}},"line":7}},"branchMap":{"0":{"loc":{"start":{"line":7,"column":25},"end":{"line":7,"column":34}},"type":"default-arg","locations":[{"start":{"line":7,"column":33},"end":{"line":7,"column":34}}],"line":7}},"s":{"0":7,"1":0,"2":0,"3":0,"4":0,"5":0,"6":0,"7":0},"f":{"0":0},"b":{"0":[0]},"_coverageSchema":"1a1c01bbd47fc00a2c39e90264f33305004495a9","hash":"df58b3841cfb27ca7b84de7d34c50dbd8066a2e3"}
,"P:\\Projects\\String\\src\\plugins\\snake_case.js": {"path":"P:\\Projects\\String\\src\\plugins\\snake_case.js","statementMap":{"0":{"start":{"line":4,"column":21},"end":{"line":4,"column":81}},"1":{"start":{"line":4,"column":26},"end":{"line":4,"column":81}},"2":{"start":{"line":4,"column":53},"end":{"line":4,"column":69}}},"fnMap":{"0":{"name":"(anonymous_0)","decl":{"start":{"line":4,"column":21},"end":{"line":4,"column":22}},"loc":{"start":{"line":4,"column":26},"end":{"line":4,"column":81}},"line":4},"1":{"name":"(anonymous_1)","decl":{"start":{"line":4,"column":47},"end":{"line":4,"column":48}},"loc":{"start":{"line":4,"column":53},"end":{"line":4,"column":69}},"line":4}},"branchMap":{},"s":{"0":7,"1":0,"2":0},"f":{"0":0,"1":0},"b":{},"_coverageSchema":"1a1c01bbd47fc00a2c39e90264f33305004495a9","hash":"ad6a244e66c87533ed2fe2183cbfea48c8f34082"}
,"P:\\Projects\\String\\src\\plugins\\split.js": {"path":"P:\\Projects\\String\\src\\plugins\\split.js","statementMap":{"0":{"start":{"line":4,"column":21},"end":{"line":9,"column":1}},"1":{"start":{"line":5,"column":4},"end":{"line":8,"column":50}},"2":{"start":{"line":7,"column":20},"end":{"line":7,"column":41}},"3":{"start":{"line":8,"column":23},"end":{"line":8,"column":49}}},"fnMap":{"0":{"name":"(anonymous_0)","decl":{"start":{"line":4,"column":21},"end":{"line":4,"column":22}},"loc":{"start":{"line":4,"column":79},"end":{"line":9,"column":1}},"line":4},"1":{"name":"(anonymous_1)","decl":{"start":{"line":7,"column":14},"end":{"line":7,"column":15}},"loc":{"start":{"line":7,"column":20},"end":{"line":7,"column":41}},"line":7},"2":{"name":"(anonymous_2)","decl":{"start":{"line":8,"column":17},"end":{"line":8,"column":18}},"loc":{"start":{"line":8,"column":23},"end":{"line":8,"column":49}},"line":8}},"branchMap":{"0":{"loc":{"start":{"line":4,"column":27},"end":{"line":4,"column":42}},"type":"default-arg","locations":[{"start":{"line":4,"column":33},"end":{"line":4,"column":42}}],"line":4},"1":{"loc":{"start":{"line":4,"column":44},"end":{"line":4,"column":61}},"type":"default-arg","locations":[{"start":{"line":4,"column":52},"end":{"line":4,"column":61}}],"line":4},"2":{"loc":{"start":{"line":4,"column":63},"end":{"line":4,"column":74}},"type":"default-arg","locations":[{"start":{"line":4,"column":70},"end":{"line":4,"column":74}}],"line":4},"3":{"loc":{"start":{"line":7,"column":20},"end":{"line":7,"column":41}},"type":"cond-expr","locations":[{"start":{"line":7,"column":27},"end":{"line":7,"column":36}},{"start":{"line":7,"column":39},"end":{"line":7,"column":41}}],"line":7},"4":{"loc":{"start":{"line":8,"column":23},"end":{"line":8,"column":49}},"type":"cond-expr","locations":[{"start":{"line":8,"column":30},"end":{"line":8,"column":42}},{"start":{"line":8,"column":45},"end":{"line":8,"column":49}}],"line":8}},"s":{"0":7,"1":0,"2":0,"3":0},"f":{"0":0,"1":0,"2":0},"b":{"0":[0],"1":[0],"2":[0],"3":[0,0],"4":[0,0]},"_coverageSchema":"1a1c01bbd47fc00a2c39e90264f33305004495a9","hash":"f5501cd9c5e5153beb4e5cd2fd9c85bc0f0b7937"}
,"P:\\Projects\\String\\src\\plugins\\sprintf.js": {"path":"P:\\Projects\\String\\src\\plugins\\sprintf.js","statementMap":{"0":{"start":{"line":8,"column":11},"end":{"line":24,"column":1}},"1":{"start":{"line":27,"column":17},"end":{"line":27,"column":18}},"2":{"start":{"line":27,"column":34},"end":{"line":27,"column":51}},"3":{"start":{"line":27,"column":67},"end":{"line":27,"column":69}},"4":{"start":{"line":29,"column":4},"end":{"line":132,"column":5}},"5":{"start":{"line":29,"column":17},"end":{"line":29,"column":18}},"6":{"start":{"line":30,"column":8},"end":{"line":131,"column":9}},"7":{"start":{"line":31,"column":12},"end":{"line":31,"column":35}},"8":{"start":{"line":33,"column":13},"end":{"line":131,"column":9}},"9":{"start":{"line":34,"column":12},"end":{"line":34,"column":30}},"10":{"start":{"line":35,"column":12},"end":{"line":49,"column":13}},"11":{"start":{"line":36,"column":16},"end":{"line":36,"column":34}},"12":{"start":{"line":37,"column":16},"end":{"line":42,"column":17}},"13":{"start":{"line":37,"column":29},"end":{"line":37,"column":30}},"14":{"start":{"line":38,"column":20},"end":{"line":40,"column":21}},"15":{"start":{"line":39,"column":24},"end":{"line":39,"column":139}},"16":{"start":{"line":41,"column":20},"end":{"line":41,"column":41}},"17":{"start":{"line":44,"column":17},"end":{"line":49,"column":13}},"18":{"start":{"line":45,"column":16},"end":{"line":45,"column":39}},"19":{"start":{"line":48,"column":16},"end":{"line":48,"column":36}},"20":{"start":{"line":51,"column":12},"end":{"line":53,"column":13}},"21":{"start":{"line":52,"column":16},"end":{"line":52,"column":27}},"22":{"start":{"line":55,"column":12},"end":{"line":57,"column":13}},"23":{"start":{"line":56,"column":16},"end":{"line":56,"column":92}},"24":{"start":{"line":59,"column":12},"end":{"line":61,"column":13}},"25":{"start":{"line":60,"column":16},"end":{"line":60,"column":38}},"26":{"start":{"line":63,"column":12},"end":{"line":114,"column":13}},"27":{"start":{"line":65,"column":20},"end":{"line":65,"column":55}},"28":{"start":{"line":66,"column":20},"end":{"line":66,"column":25}},"29":{"start":{"line":68,"column":20},"end":{"line":68,"column":64}},"30":{"start":{"line":69,"column":20},"end":{"line":69,"column":25}},"31":{"start":{"line":72,"column":20},"end":{"line":72,"column":43}},"32":{"start":{"line":73,"column":20},"end":{"line":73,"column":25}},"33":{"start":{"line":75,"column":20},"end":{"line":75,"column":86}},"34":{"start":{"line":76,"column":20},"end":{"line":76,"column":25}},"35":{"start":{"line":78,"column":20},"end":{"line":78,"column":118}},"36":{"start":{"line":79,"column":20},"end":{"line":79,"column":25}},"37":{"start":{"line":81,"column":20},"end":{"line":81,"column":96}},"38":{"start":{"line":82,"column":20},"end":{"line":82,"column":25}},"39":{"start":{"line":84,"column":20},"end":{"line":84,"column":104}},"40":{"start":{"line":85,"column":20},"end":{"line":85,"column":25}},"41":{"start":{"line":87,"column":20},"end":{"line":87,"column":63}},"42":{"start":{"line":88,"column":20},"end":{"line":88,"column":25}},"43":{"start":{"line":90,"column":20},"end":{"line":90,"column":37}},"44":{"start":{"line":91,"column":20},"end":{"line":91,"column":79}},"45":{"start":{"line":92,"column":20},"end":{"line":92,"column":25}},"46":{"start":{"line":94,"column":20},"end":{"line":94,"column":39}},"47":{"start":{"line":95,"column":20},"end":{"line":95,"column":79}},"48":{"start":{"line":96,"column":20},"end":{"line":96,"column":25}},"49":{"start":{"line":98,"column":20},"end":{"line":98,"column":88}},"50":{"start":{"line":99,"column":20},"end":{"line":99,"column":79}},"51":{"start":{"line":100,"column":20},"end":{"line":100,"column":25}},"52":{"start":{"line":102,"column":20},"end":{"line":102,"column":49}},"53":{"start":{"line":103,"column":20},"end":{"line":103,"column":25}},"54":{"start":{"line":105,"column":20},"end":{"line":105,"column":39}},"55":{"start":{"line":106,"column":20},"end":{"line":106,"column":79}},"56":{"start":{"line":107,"column":20},"end":{"line":107,"column":25}},"57":{"start":{"line":109,"column":20},"end":{"line":109,"column":64}},"58":{"start":{"line":110,"column":20},"end":{"line":110,"column":25}},"59":{"start":{"line":112,"column":20},"end":{"line":112,"column":78}},"60":{"start":{"line":113,"column":20},"end":{"line":113,"column":25}},"61":{"start":{"line":115,"column":12},"end":{"line":130,"column":13}},"62":{"start":{"line":116,"column":16},"end":{"line":116,"column":29}},"63":{"start":{"line":119,"column":16},"end":{"line":125,"column":17}},"64":{"start":{"line":120,"column":20},"end":{"line":120,"column":50}},"65":{"start":{"line":121,"column":20},"end":{"line":121,"column":61}},"66":{"start":{"line":124,"column":20},"end":{"line":124,"column":29}},"67":{"start":{"line":126,"column":16},"end":{"line":126,"column":101}},"68":{"start":{"line":127,"column":16},"end":{"line":127,"column":59}},"69":{"start":{"line":128,"column":16},"end":{"line":128,"column":94}},"70":{"start":{"line":129,"column":16},"end":{"line":129,"column":117}},"71":{"start":{"line":133,"column":4},"end":{"line":133,"column":17}},"72":{"start":{"line":136,"column":22},"end":{"line":136,"column":41}},"73":{"start":{"line":139,"column":4},"end":{"line":141,"column":5}},"74":{"start":{"line":140,"column":8},"end":{"line":140,"column":33}},"75":{"start":{"line":143,"column":15},"end":{"line":143,"column":18}},"76":{"start":{"line":143,"column":40},"end":{"line":143,"column":42}},"77":{"start":{"line":143,"column":56},"end":{"line":143,"column":57}},"78":{"start":{"line":145,"column":4},"end":{"line":202,"column":5}},"79":{"start":{"line":146,"column":8},"end":{"line":200,"column":9}},"80":{"start":{"line":147,"column":12},"end":{"line":147,"column":37}},"81":{"start":{"line":149,"column":13},"end":{"line":200,"column":9}},"82":{"start":{"line":150,"column":12},"end":{"line":150,"column":32}},"83":{"start":{"line":152,"column":13},"end":{"line":200,"column":9}},"84":{"start":{"line":153,"column":12},"end":{"line":179,"column":13}},"85":{"start":{"line":154,"column":16},"end":{"line":154,"column":30}},"86":{"start":{"line":156,"column":33},"end":{"line":156,"column":35}},"87":{"start":{"line":156,"column":57},"end":{"line":156,"column":65}},"88":{"start":{"line":156,"column":81},"end":{"line":156,"column":83}},"89":{"start":{"line":158,"column":16},"end":{"line":174,"column":17}},"90":{"start":{"line":159,"column":20},"end":{"line":159,"column":51}},"91":{"start":{"line":160,"column":20},"end":{"line":170,"column":21}},"92":{"start":{"line":161,"column":24},"end":{"line":169,"column":25}},"93":{"start":{"line":162,"column":28},"end":{"line":162,"column":59}},"94":{"start":{"line":164,"column":29},"end":{"line":169,"column":25}},"95":{"start":{"line":165,"column":28},"end":{"line":165,"column":59}},"96":{"start":{"line":168,"column":28},"end":{"line":168,"column":97}},"97":{"start":{"line":173,"column":20},"end":{"line":173,"column":89}},"98":{"start":{"line":175,"column":16},"end":{"line":175,"column":37}},"99":{"start":{"line":178,"column":16},"end":{"line":178,"column":30}},"100":{"start":{"line":180,"column":12},"end":{"line":182,"column":13}},"101":{"start":{"line":181,"column":16},"end":{"line":181,"column":108}},"102":{"start":{"line":184,"column":12},"end":{"line":196,"column":13}},"103":{"start":{"line":199,"column":12},"end":{"line":199,"column":69}},"104":{"start":{"line":201,"column":8},"end":{"line":201,"column":46}},"105":{"start":{"line":203,"column":4},"end":{"line":203,"column":42}},"106":{"start":{"line":206,"column":23},"end":{"line":206,"column":75}},"107":{"start":{"line":206,"column":30},"end":{"line":206,"column":75}},"108":{"start":{"line":207,"column":24},"end":{"line":207,"column":84}},"109":{"start":{"line":207,"column":39},"end":{"line":207,"column":84}}},"fnMap":{"0":{"name":"sprintf_format","decl":{"start":{"line":26,"column":9},"end":{"line":26,"column":23}},"loc":{"start":{"line":26,"column":42},"end":{"line":134,"column":1}},"line":26},"1":{"name":"sprintf_parse","decl":{"start":{"line":138,"column":9},"end":{"line":138,"column":22}},"loc":{"start":{"line":138,"column":28},"end":{"line":204,"column":1}},"line":138},"2":{"name":"(anonymous_2)","decl":{"start":{"line":206,"column":23},"end":{"line":206,"column":24}},"loc":{"start":{"line":206,"column":30},"end":{"line":206,"column":75}},"line":206},"3":{"name":"(anonymous_3)","decl":{"start":{"line":207,"column":24},"end":{"line":207,"column":25}},"loc":{"start":{"line":207,"column":39},"end":{"line":207,"column":84}},"line":207}},"branchMap":{"0":{"loc":{"start":{"line":30,"column":8},"end":{"line":131,"column":9}},"type":"if","locations":[{"start":{"line":30,"column":8},"end":{"line":131,"column":9}},{"start":{"line":33,"column":13},"end":{"line":131,"column":9}}],"line":30},"1":{"loc":{"start":{"line":33,"column":13},"end":{"line":131,"column":9}},"type":"if","locations":[{"start":{"line":33,"column":13},"end":{"line":131,"column":9}},{"start":{},"end":{}}],"line":33},"2":{"loc":{"start":{"line":35,"column":12},"end":{"line":49,"column":13}},"type":"if","locations":[{"start":{"line":35,"column":12},"end":{"line":49,"column":13}},{"start":{"line":44,"column":17},"end":{"line":49,"column":13}}],"line":35},"3":{"loc":{"start":{"line":38,"column":20},"end":{"line":40,"column":21}},"type":"if","locations":[{"start":{"line":38,"column":20},"end":{"line":40,"column":21}},{"start":{},"end":{}}],"line":38},"4":{"loc":{"start":{"line":44,"column":17},"end":{"line":49,"column":13}},"type":"if","locations":[{"start":{"line":44,"column":17},"end":{"line":49,"column":13}},{"start":{"line":47,"column":17},"end":{"line":49,"column":13}}],"line":44},"5":{"loc":{"start":{"line":51,"column":12},"end":{"line":53,"column":13}},"type":"if","locations":[{"start":{"line":51,"column":12},"end":{"line":53,"column":13}},{"start":{},"end":{}}],"line":51},"6":{"loc":{"start":{"line":51,"column":16},"end":{"line":51,"column":102}},"type":"binary-expr","locations":[{"start":{"line":51,"column":16},"end":{"line":51,"column":41}},{"start":{"line":51,"column":45},"end":{"line":51,"column":75}},{"start":{"line":51,"column":79},"end":{"line":51,"column":102}}],"line":51},"7":{"loc":{"start":{"line":55,"column":12},"end":{"line":57,"column":13}},"type":"if","locations":[{"start":{"line":55,"column":12},"end":{"line":57,"column":13}},{"start":{},"end":{}}],"line":55},"8":{"loc":{"start":{"line":55,"column":16},"end":{"line":55,"column":87}},"type":"binary-expr","locations":[{"start":{"line":55,"column":16},"end":{"line":55,"column":44}},{"start":{"line":55,"column":49},"end":{"line":55,"column":72}},{"start":{"line":55,"column":76},"end":{"line":55,"column":86}}],"line":55},"9":{"loc":{"start":{"line":59,"column":12},"end":{"line":61,"column":13}},"type":"if","locations":[{"start":{"line":59,"column":12},"end":{"line":61,"column":13}},{"start":{},"end":{}}],"line":59},"10":{"loc":{"start":{"line":63,"column":12},"end":{"line":114,"column":13}},"type":"switch","locations":[{"start":{"line":64,"column":16},"end":{"line":66,"column":25}},{"start":{"line":67,"column":16},"end":{"line":69,"column":25}},{"start":{"line":70,"column":16},"end":{"line":70,"column":25}},{"start":{"line":71,"column":16},"end":{"line":73,"column":25}},{"start":{"line":74,"column":16},"end":{"line":76,"column":25}},{"start":{"line":77,"column":16},"end":{"line":79,"column":25}},{"start":{"line":80,"column":16},"end":{"line":82,"column":25}},{"start":{"line":83,"column":16},"end":{"line":85,"column":25}},{"start":{"line":86,"column":16},"end":{"line":88,"column":25}},{"start":{"line":89,"column":16},"end":{"line":92,"column":25}},{"start":{"line":93,"column":16},"end":{"line":96,"column":25}},{"start":{"line":97,"column":16},"end":{"line":100,"column":25}},{"start":{"line":101,"column":16},"end":{"line":103,"column":25}},{"start":{"line":104,"column":16},"end":{"line":107,"column":25}},{"start":{"line":108,"column":16},"end":{"line":110,"column":25}},{"start":{"line":111,"column":16},"end":{"line":113,"column":25}}],"line":63},"11":{"loc":{"start":{"line":75,"column":52},"end":{"line":75,"column":85}},"type":"cond-expr","locations":[{"start":{"line":75,"column":63},"end":{"line":75,"column":81}},{"start":{"line":75,"column":84},"end":{"line":75,"column":85}}],"line":75},"12":{"loc":{"start":{"line":78,"column":26},"end":{"line":78,"column":118}},"type":"cond-expr","locations":[{"start":{"line":78,"column":41},"end":{"line":78,"column":84}},{"start":{"line":78,"column":87},"end":{"line":78,"column":118}}],"line":78},"13":{"loc":{"start":{"line":81,"column":26},"end":{"line":81,"column":96}},"type":"cond-expr","locations":[{"start":{"line":81,"column":41},"end":{"line":81,"column":78}},{"start":{"line":81,"column":81},"end":{"line":81,"column":96}}],"line":81},"14":{"loc":{"start":{"line":84,"column":26},"end":{"line":84,"column":104}},"type":"cond-expr","locations":[{"start":{"line":84,"column":41},"end":{"line":84,"column":86}},{"start":{"line":84,"column":89},"end":{"line":84,"column":104}}],"line":84},"15":{"loc":{"start":{"line":91,"column":27},"end":{"line":91,"column":78}},"type":"cond-expr","locations":[{"start":{"line":91,"column":42},"end":{"line":91,"column":72}},{"start":{"line":91,"column":75},"end":{"line":91,"column":78}}],"line":91},"16":{"loc":{"start":{"line":95,"column":27},"end":{"line":95,"column":78}},"type":"cond-expr","locations":[{"start":{"line":95,"column":42},"end":{"line":95,"column":72}},{"start":{"line":95,"column":75},"end":{"line":95,"column":78}}],"line":95},"17":{"loc":{"start":{"line":99,"column":27},"end":{"line":99,"column":78}},"type":"cond-expr","locations":[{"start":{"line":99,"column":42},"end":{"line":99,"column":72}},{"start":{"line":99,"column":75},"end":{"line":99,"column":78}}],"line":99},"18":{"loc":{"start":{"line":106,"column":27},"end":{"line":106,"column":78}},"type":"cond-expr","locations":[{"start":{"line":106,"column":42},"end":{"line":106,"column":72}},{"start":{"line":106,"column":75},"end":{"line":106,"column":78}}],"line":106},"19":{"loc":{"start":{"line":115,"column":12},"end":{"line":130,"column":13}},"type":"if","locations":[{"start":{"line":115,"column":12},"end":{"line":130,"column":13}},{"start":{"line":118,"column":17},"end":{"line":130,"column":13}}],"line":115},"20":{"loc":{"start":{"line":119,"column":16},"end":{"line":125,"column":17}},"type":"if","locations":[{"start":{"line":119,"column":16},"end":{"line":125,"column":17}},{"start":{"line":123,"column":21},"end":{"line":125,"column":17}}],"line":119},"21":{"loc":{"start":{"line":119,"column":20},"end":{"line":119,"column":72}},"type":"binary-expr","locations":[{"start":{"line":119,"column":20},"end":{"line":119,"column":43}},{"start":{"line":119,"column":48},"end":{"line":119,"column":60}},{"start":{"line":119,"column":64},"end":{"line":119,"column":71}}],"line":119},"22":{"loc":{"start":{"line":120,"column":27},"end":{"line":120,"column":50}},"type":"cond-expr","locations":[{"start":{"line":120,"column":41},"end":{"line":120,"column":44}},{"start":{"line":120,"column":47},"end":{"line":120,"column":50}}],"line":120},"23":{"loc":{"start":{"line":126,"column":32},"end":{"line":126,"column":101}},"type":"cond-expr","locations":[{"start":{"line":126,"column":46},"end":{"line":126,"column":95}},{"start":{"line":126,"column":98},"end":{"line":126,"column":101}}],"line":126},"24":{"loc":{"start":{"line":126,"column":46},"end":{"line":126,"column":95}},"type":"cond-expr","locations":[{"start":{"line":126,"column":68},"end":{"line":126,"column":71}},{"start":{"line":126,"column":74},"end":{"line":126,"column":95}}],"line":126},"25":{"loc":{"start":{"line":128,"column":22},"end":{"line":128,"column":94}},"type":"cond-expr
[...]
,"P:\\Projects\\String\\src\\plugins\\substr.js": {"path":"P:\\Projects\\String\\src\\plugins\\substr.js","statementMap":{"0":{"start":{"line":6,"column":22},"end":{"line":6,"column":68}},"1":{"start":{"line":6,"column":41},"end":{"line":6,"column":68}}},"fnMap":{"0":{"name":"(anonymous_0)","decl":{"start":{"line":6,"column":22},"end":{"line":6,"column":23}},"loc":{"start":{"line":6,"column":41},"end":{"line":6,"column":68}},"line":6}},"branchMap":{},"s":{"0":7,"1":0},"f":{"0":0},"b":{},"_coverageSchema":"1a1c01bbd47fc00a2c39e90264f33305004495a9","hash":"265f3891d0b139daa4d403aafcfc90bbf356ae29"}
,"P:\\Projects\\String\\src\\plugins\\swap.js": {"path":"P:\\Projects\\String\\src\\plugins\\swap.js","statementMap":{"0":{"start":{"line":3,"column":14},"end":{"line":8,"column":1}},"1":{"start":{"line":4,"column":15},"end":{"line":4,"column":33}},"2":{"start":{"line":5,"column":15},"end":{"line":5,"column":33}},"3":{"start":{"line":7,"column":4},"end":{"line":7,"column":44}},"4":{"start":{"line":10,"column":20},"end":{"line":10,"column":61}},"5":{"start":{"line":10,"column":25},"end":{"line":10,"column":61}}},"fnMap":{"0":{"name":"(anonymous_0)","decl":{"start":{"line":3,"column":14},"end":{"line":3,"column":15}},"loc":{"start":{"line":3,"column":33},"end":{"line":8,"column":1}},"line":3},"1":{"name":"(anonymous_1)","decl":{"start":{"line":10,"column":20},"end":{"line":10,"column":21}},"loc":{"start":{"line":10,"column":25},"end":{"line":10,"column":61}},"line":10}},"branchMap":{"0":{"loc":{"start":{"line":7,"column":22},"end":{"line":7,"column":43}},"type":"cond-expr","locations":[{"start":{"line":7,"column":36},"end":{"line":7,"column":38}},{"start":{"line":7,"column":41},"end":{"line":7,"column":43}}],"line":7}},"s":{"0":7,"1":0,"2":0,"3":0,"4":7,"5":0},"f":{"0":0,"1":0},"b":{"0":[0,0]},"_coverageSchema":"1a1c01bbd47fc00a2c39e90264f33305004495a9","hash":"9a0d221fdc766b0b3e577e089400df7f690b8de8"}
,"P:\\Projects\\String\\src\\plugins\\title_case.js": {"path":"P:\\Projects\\String\\src\\plugins\\title_case.js","statementMap":{"0":{"start":{"line":6,"column":21},"end":{"line":15,"column":1}},"1":{"start":{"line":7,"column":13},"end":{"line":7,"column":21}},"2":{"start":{"line":8,"column":19},"end":{"line":8,"column":83}},"3":{"start":{"line":9,"column":25},"end":{"line":9,"column":114}},"4":{"start":{"line":11,"column":4},"end":{"line":14,"column":6}},"5":{"start":{"line":12,"column":26},"end":{"line":12,"column":63}},"6":{"start":{"line":13,"column":8},"end":{"line":13,"column":52}}},"fnMap":{"0":{"name":"(anonymous_0)","decl":{"start":{"line":6,"column":21},"end":{"line":6,"column":22}},"loc":{"start":{"line":6,"column":47},"end":{"line":15,"column":1}},"line":6},"1":{"name":"(anonymous_1)","decl":{"start":{"line":11,"column":29},"end":{"line":11,"column":30}},"loc":{"start":{"line":11,"column":39},"end":{"line":14,"column":5}},"line":11}},"branchMap":{"0":{"loc":{"start":{"line":6,"column":34},"end":{"line":6,"column":42}},"type":"default-arg","locations":[{"start":{"line":6,"column":40},"end":{"line":6,"column":42}}],"line":6},"1":{"loc":{"start":{"line":8,"column":19},"end":{"line":8,"column":83}},"type":"cond-expr","locations":[{"start":{"line":8,"column":52},"end":{"line":8,"column":69}},{"start":{"line":8,"column":72},"end":{"line":8,"column":83}}],"line":8},"2":{"loc":{"start":{"line":9,"column":25},"end":{"line":9,"column":114}},"type":"cond-expr","locations":[{"start":{"line":9,"column":50},"end":{"line":9,"column":57}},{"start":{"line":9,"column":60},"end":{"line":9,"column":114}}],"line":9},"3":{"loc":{"start":{"line":9,"column":60},"end":{"line":9,"column":114}},"type":"cond-expr","locations":[{"start":{"line":9,"column":91},"end":{"line":9,"column":93}},{"start":{"line":9,"column":96},"end":{"line":9,"column":114}}],"line":9},"4":{"loc":{"start":{"line":12,"column":26},"end":{"line":12,"column":63}},"type":"binary-expr","locations":[{"start":{"line":12,"column":26},"end":{"line":12,"column":27}},{"start":{"line":12,"column":31},"end":{"line":12,"column":63}}],"line":12},"5":{"loc":{"start":{"line":13,"column":15},"end":{"line":13,"column":51}},"type":"cond-expr","locations":[{"start":{"line":13,"column":27},"end":{"line":13,"column":35}},{"start":{"line":13,"column":38},"end":{"line":13,"column":51}}],"line":13}},"s":{"0":7,"1":0,"2":0,"3":0,"4":0,"5":0,"6":0},"f":{"0":0,"1":0},"b":{"0":[0],"1":[0,0],"2":[0,0],"3":[0,0],"4":[0,0],"5":[0,0]},"_coverageSchema":"1a1c01bbd47fc00a2c39e90264f33305004495a9","hash":"2a1cc9b3c395a4a4feb50cb4fb4a6b9f38036b79"}
,"P:\\Projects\\String\\src\\plugins\\trim.js": {"path":"P:\\Projects\\String\\src\\plugins\\trim.js","statementMap":{"0":{"start":{"line":4,"column":15},"end":{"line":4,"column":37}},"1":{"start":{"line":5,"column":20},"end":{"line":5,"column":47}},"2":{"start":{"line":7,"column":20},"end":{"line":7,"column":54}},"3":{"start":{"line":7,"column":31},"end":{"line":7,"column":54}},"4":{"start":{"line":9,"column":21},"end":{"line":29,"column":1}},"5":{"start":{"line":10,"column":13},"end":{"line":10,"column":21}},"6":{"start":{"line":12,"column":4},"end":{"line":12,"column":54}},"7":{"start":{"line":12,"column":14},"end":{"line":12,"column":53}},"8":{"start":{"line":13,"column":4},"end":{"line":13,"column":43}},"9":{"start":{"line":13,"column":33},"end":{"line":13,"column":42}},"10":{"start":{"line":14,"column":4},"end":{"line":14,"column":41}},"11":{"start":{"line":14,"column":33},"end":{"line":14,"column":40}},"12":{"start":{"line":16,"column":16},"end":{"line":16,"column":20}},"13":{"start":{"line":18,"column":4},"end":{"line":28,"column":6}},"14":{"start":{"line":21,"column":12},"end":{"line":23,"column":13}},"15":{"start":{"line":22,"column":16},"end":{"line":22,"column":31}},"16":{"start":{"line":24,"column":12},"end":{"line":24,"column":25}},"17":{"start":{"line":25,"column":12},"end":{"line":25,"column":33}},"18":{"start":{"line":31,"column":21},"end":{"line":51,"column":1}},"19":{"start":{"line":32,"column":13},"end":{"line":32,"column":21}},"20":{"start":{"line":34,"column":4},"end":{"line":34,"column":55}},"21":{"start":{"line":34,"column":14},"end":{"line":34,"column":54}},"22":{"start":{"line":35,"column":4},"end":{"line":35,"column":43}},"23":{"start":{"line":35,"column":33},"end":{"line":35,"column":42}},"24":{"start":{"line":36,"column":4},"end":{"line":36,"column":41}},"25":{"start":{"line":36,"column":33},"end":{"line":36,"column":40}},"26":{"start":{"line":38,"column":16},"end":{"line":38,"column":20}},"27":{"start":{"line":40,"column":4},"end":{"line":50,"column":6}},"28":{"start":{"line":43,"column":12},"end":{"line":45,"column":13}},"29":{"start":{"line":44,"column":16},"end":{"line":44,"column":30}},"30":{"start":{"line":46,"column":12},"end":{"line":46,"column":25}},"31":{"start":{"line":47,"column":12},"end":{"line":47,"column":33}}},"fnMap":{"0":{"name":"(anonymous_0)","decl":{"start":{"line":7,"column":20},"end":{"line":7,"column":21}},"loc":{"start":{"line":7,"column":31},"end":{"line":7,"column":54}},"line":7},"1":{"name":"(anonymous_1)","decl":{"start":{"line":9,"column":21},"end":{"line":9,"column":22}},"loc":{"start":{"line":9,"column":32},"end":{"line":29,"column":1}},"line":9},"2":{"name":"(anonymous_2)","decl":{"start":{"line":20,"column":8},"end":{"line":20,"column":9}},"loc":{"start":{"line":20,"column":27},"end":{"line":26,"column":9}},"line":20},"3":{"name":"(anonymous_3)","decl":{"start":{"line":31,"column":21},"end":{"line":31,"column":22}},"loc":{"start":{"line":31,"column":32},"end":{"line":51,"column":1}},"line":31},"4":{"name":"(anonymous_4)","decl":{"start":{"line":42,"column":8},"end":{"line":42,"column":9}},"loc":{"start":{"line":42,"column":27},"end":{"line":48,"column":9}},"line":42}},"branchMap":{"0":{"loc":{"start":{"line":12,"column":4},"end":{"line":12,"column":54}},"type":"if","locations":[{"start":{"line":12,"column":4},"end":{"line":12,"column":54}},{"start":{},"end":{}}],"line":12},"1":{"loc":{"start":{"line":13,"column":4},"end":{"line":13,"column":43}},"type":"if","locations":[{"start":{"line":13,"column":4},"end":{"line":13,"column":43}},{"start":{},"end":{}}],"line":13},"2":{"loc":{"start":{"line":13,"column":8},"end":{"line":13,"column":30}},"type":"binary-expr","locations":[{"start":{"line":13,"column":8},"end":{"line":13,"column":17}},{"start":{"line":13,"column":21},"end":{"line":13,"column":30}}],"line":13},"3":{"loc":{"start":{"line":14,"column":4},"end":{"line":14,"column":41}},"type":"if","locations":[{"start":{"line":14,"column":4},"end":{"line":14,"column":41}},{"start":{},"end":{}}],"line":14},"4":{"loc":{"start":{"line":21,"column":12},"end":{"line":23,"column":13}},"type":"if","locations":[{"start":{"line":21,"column":12},"end":{"line":23,"column":13}},{"start":{},"end":{}}],"line":21},"5":{"loc":{"start":{"line":21,"column":16},"end":{"line":21,"column":42}},"type":"binary-expr","locations":[{"start":{"line":21,"column":16},"end":{"line":21,"column":21}},{"start":{"line":21,"column":25},"end":{"line":21,"column":42}}],"line":21},"6":{"loc":{"start":{"line":34,"column":4},"end":{"line":34,"column":55}},"type":"if","locations":[{"start":{"line":34,"column":4},"end":{"line":34,"column":55}},{"start":{},"end":{}}],"line":34},"7":{"loc":{"start":{"line":35,"column":4},"end":{"line":35,"column":43}},"type":"if","locations":[{"start":{"line":35,"column":4},"end":{"line":35,"column":43}},{"start":{},"end":{}}],"line":35},"8":{"loc":{"start":{"line":35,"column":8},"end":{"line":35,"column":30}},"type":"binary-expr","locations":[{"start":{"line":35,"column":8},"end":{"line":35,"column":17}},{"start":{"line":35,"column":21},"end":{"line":35,"column":30}}],"line":35},"9":{"loc":{"start":{"line":36,"column":4},"end":{"line":36,"column":41}},"type":"if","locations":[{"start":{"line":36,"column":4},"end":{"line":36,"column":41}},{"start":{},"end":{}}],"line":36},"10":{"loc":{"start":{"line":43,"column":12},"end":{"line":45,"column":13}},"type":"if","locations":[{"start":{"line":43,"column":12},"end":{"line":45,"column":13}},{"start":{},"end":{}}],"line":43},"11":{"loc":{"start":{"line":43,"column":16},"end":{"line":43,"column":42}},"type":"binary-expr","locations":[{"start":{"line":43,"column":16},"end":{"line":43,"column":21}},{"start":{"line":43,"column":25},"end":{"line":43,"column":42}}],"line":43}},"s":{"0":7,"1":7,"2":7,"3":0,"4":7,"5":0,"6":0,"7":0,"8":0,"9":0,"10":0,"11":0,"12":0,"13":0,"14":0,"15":0,"16":0,"17":0,"18":7,"19":0,"20":0,"21":0,"22":0,"23":0,"24":0,"25":0,"26":0,"27":0,"28":0,"29":0,"30":0,"31":0},"f":{"0":0,"1":0,"2":0,"3":0,"4":0},"b":{"0":[0,0],"1":[0,0],"2":[0,0],"3":[0,0],"4":[0,0],"5":[0,0],"6":[0,0],"7":[0,0],"8":[0,0],"9":[0,0],"10":[0,0],"11":[0,0]},"_coverageSchema":"1a1c01bbd47fc00a2c39e90264f33305004495a9","hash":"537554030a280eb17d1b7683cf694b45d770ae07"}
,"P:\\Projects\\String\\src\\plugins\\truncate.js": {"path":"P:\\Projects\\String\\src\\plugins\\truncate.js","statementMap":{"0":{"start":{"line":10,"column":24},"end":{"line":15,"column":1}},"1":{"start":{"line":11,"column":11},"end":{"line":11,"column":19}},"2":{"start":{"line":12,"column":13},"end":{"line":12,"column":69}},"3":{"start":{"line":14,"column":2},"end":{"line":14,"column":62}}},"fnMap":{"0":{"name":"(anonymous_0)","decl":{"start":{"line":10,"column":24},"end":{"line":10,"column":25}},"loc":{"start":{"line":10,"column":53},"end":{"line":15,"column":1}},"line":10}},"branchMap":{"0":{"loc":{"start":{"line":10,"column":28},"end":{"line":10,"column":35}},"type":"default-arg","locations":[{"start":{"line":10,"column":34},"end":{"line":10,"column":35}}],"line":10},"1":{"loc":{"start":{"line":10,"column":37},"end":{"line":10,"column":48}},"type":"default-arg","locations":[{"start":{"line":10,"column":43},"end":{"line":10,"column":48}}],"line":10},"2":{"loc":{"start":{"line":12,"column":13},"end":{"line":12,"column":69}},"type":"cond-expr","locations":[{"start":{"line":12,"column":20},"end":{"line":12,"column":29}},{"start":{"line":12,"column":32},"end":{"line":12,"column":69}}],"line":12},"3":{"loc":{"start":{"line":14,"column":32},"end":{"line":14,"column":61}},"type":"cond-expr","locations":[{"start":{"line":14,"column":53},"end":{"line":14,"column":55}},{"start":{"line":14,"column":58},"end":{"line":14,"column":61}}],"line":14}},"s":{"0":7,"1":0,"2":0,"3":0},"f":{"0":0},"b":{"0":[0],"1":[0],"2":[0,0],"3":[0,0]},"_coverageSchema":"1a1c01bbd47fc00a2c39e90264f33305004495a9","hash":"288a23cbd036c6d893616484f6121dbf755c2c78"}
,"P:\\Projects\\String\\src\\plugins\\unescape_html.js": {"path":"P:\\Projects\\String\\src\\plugins\\unescape_html.js","statementMap":{"0":{"start":{"line":3,"column":25},"end":{"line":10,"column":1}},"1":{"start":{"line":11,"column":14},"end":{"line":11,"column":43}},"2":{"start":{"line":14,"column":4},"end":{"line":14,"column":54}},"3":{"start":{"line":17,"column":28},"end":{"line":17,"column":78}},"4":{"start":{"line":17,"column":33},"end":{"line":17,"column":78}}},"fnMap":{"0":{"name":"reduceUnescapedString","decl":{"start":{"line":13,"column":9},"end":{"line":13,"column":30}},"loc":{"start":{"line":13,"column":44},"end":{"line":15,"column":1}},"line":13},"1":{"name":"(anonymous_1)","decl":{"start":{"line":17,"column":28},"end":{"line":17,"column":29}},"loc":{"start":{"line":17,"column":33},"end":{"line":17,"column":78}},"line":17}},"branchMap":{},"s":{"0":7,"1":7,"2":0,"3":7,"4":0},"f":{"0":0,"1":0},"b":{},"_coverageSchema":"1a1c01bbd47fc00a2c39e90264f33305004495a9","hash":"e6baac88fc960f9a22b3655c01824ff9117fe4ff"}
,"P:\\Projects\\String\\src\\plugins\\unique.js": {"path":"P:\\Projects\\String\\src\\plugins\\unique.js","statementMap":{"0":{"start":{"line":4,"column":22},"end":{"line":4,"column":75}},"1":{"start":{"line":4,"column":37},"end":{"line":4,"column":75}}},"fnMap":{"0":{"name":"(anonymous_0)","decl":{"start":{"line":4,"column":22},"end":{"line":4,"column":23}},"loc":{"start":{"line":4,"column":37},"end":{"line":4,"column":75}},"line":4}},"branchMap":{},"s":{"0":7,"1":0},"f":{"0":0},"b":{},"_coverageSchema":"1a1c01bbd47fc00a2c39e90264f33305004495a9","hash":"996ec734f0e542b1cda9e9a603cca53a0e98bc18"}
,"P:\\Projects\\String\\src\\plugins\\uniqueWords.js": {"path":"P:\\Projects\\String\\src\\plugins\\uniqueWords.js","statementMap":{"0":{"start":{"line":4,"column":27},"end":{"line":4,"column":96}},"1":{"start":{"line":4,"column":50},"end":{"line":4,"column":96}}},"fnMap":{"0":{"name":"(anonymous_0)","decl":{"start":{"line":4,"column":27},"end":{"line":4,"column":28}},"loc":{"start":{"line":4,"column":50},"end":{"line":4,"column":96}},"line":4}},"branchMap":{},"s":{"0":7,"1":0},"f":{"0":0},"b":{},"_coverageSchema":"1a1c01bbd47fc00a2c39e90264f33305004495a9","hash":"b0c589d703abbdefc5cd38060fe57202f71ba45b"}
,"P:\\Projects\\String\\src\\plugins\\upper_case.js": {"path":"P:\\Projects\\String\\src\\plugins\\upper_case.js","statementMap":{"0":{"start":{"line":3,"column":21},"end":{"line":3,"column":48}},"1":{"start":{"line":3,"column":26},"end":{"line":3,"column":48}}},"fnMap":{"0":{"name":"(anonymous_0)","decl":{"start":{"line":3,"column":21},"end":{"line":3,"column":22}},"loc":{"start":{"line":3,"column":26},"end":{"line":3,"column":48}},"line":3}},"branchMap":{},"s":{"0":7,"1":0},"f":{"0":0},"b":{},"_coverageSchema":"1a1c01bbd47fc00a2c39e90264f33305004495a9","hash":"d7c4a7452c422b4bc6bbde8edc68acf5933b8c3f"}
,"P:\\Projects\\String\\src\\plugins\\words.js": {"path":"P:\\Projects\\String\\src\\plugins\\words.js","statementMap":{"0":{"start":{"line":8,"column":21},"end":{"line":20,"column":1}},"1":{"start":{"line":11,"column":4},"end":{"line":17,"column":5}},"2":{"start":{"line":12,"column":8},"end":{"line":12,"column":81}},"3":{"start":{"line":13,"column":11},"end":{"line":17,"column":5}},"4":{"start":{"line":14,"column":8},"end":{"line":14,"column":25}},"5":{"start":{"line":16,"column":8},"end":{"line":16,"column":52}},"6":{"start":{"line":19,"column":4},"end":{"line":19,"column":43}}},"fnMap":{"0":{"name":"(anonymous_0)","decl":{"start":{"line":8,"column":21},"end":{"line":8,"column":22}},"loc":{"start":{"line":8,"column":44},"end":{"line":20,"column":1}},"line":8}},"branchMap":{"0":{"loc":{"start":{"line":11,"column":4},"end":{"line":17,"column":5}},"type":"if","locations":[{"start":{"line":11,"column":4},"end":{"line":17,"column":5}},{"start":{"line":13,"column":11},"end":{"line":17,"column":5}}],"line":11},"1":{"loc":{"start":{"line":12,"column":17},"end":{"line":12,"column":80}},"type":"cond-expr","locations":[{"start":{"line":12,"column":49},"end":{"line":12,"column":66}},{"start":{"line":12,"column":69},"end":{"line":12,"column":80}}],"line":12},"2":{"loc":{"start":{"line":13,"column":11},"end":{"line":17,"column":5}},"type":"if","locations":[{"start":{"line":13,"column":11},"end":{"line":17,"column":5}},{"start":{"line":15,"column":11},"end":{"line":17,"column":5}}],"line":13}},"s":{"0":7,"1":3,"2":3,"3":0,"4":0,"5":0,"6":3},"f":{"0":3},"b":{"0":[3,0],"1":[3,0],"2":[0,0]},"_coverageSchema":"1a1c01bbd47fc00a2c39e90264f33305004495a9","hash":"9d7412e19916204476ebb93a80bffd69d507d071"}
,"P:\\Projects\\String\\src\\plugins\\wrap.js": {"path":"P:\\Projects\\String\\src\\plugins\\wrap.js","statementMap":{"0":{"start":{"line":3,"column":23},"end":{"line":3,"column":73}},"1":{"start":{"line":3,"column":43},"end":{"line":3,"column":73}},"2":{"start":{"line":4,"column":20},"end":{"line":4,"column":77}},"3":{"start":{"line":4,"column":52},"end":{"line":4,"column":77}}},"fnMap":{"0":{"name":"(anonymous_0)","decl":{"start":{"line":3,"column":23},"end":{"line":3,"column":24}},"loc":{"start":{"line":3,"column":43},"end":{"line":3,"column":73}},"line":3},"1":{"name":"(anonymous_1)","decl":{"start":{"line":4,"column":20},"end":{"line":4,"column":21}},"loc":{"start":{"line":4,"column":52},"end":{"line":4,"column":77}},"line":4}},"branchMap":{"0":{"loc":{"start":{"line":3,"column":27},"end":{"line":3,"column":38}},"type":"default-arg","locations":[{"start":{"line":3,"column":33},"end":{"line":3,"column":38}}],"line":3},"1":{"loc":{"start":{"line":4,"column":24},"end":{"line":4,"column":35}},"type":"default-arg","locations":[{"start":{"line":4,"column":33},"end":{"line":4,"column":35}}],"line":4},"2":{"loc":{"start":{"line":4,"column":37},"end":{"line":4,"column":47}},"type":"default-arg","locations":[{"start":{"line":4,"column":45},"end":{"line":4,"column":47}}],"line":4}},"s":{"0":7,"1":0,"2":7,"3":0},"f":{"0":0,"1":0},"b":{"0":[0],"1":[0],"2":[0]},"_coverageSchema":"1a1c01bbd47fc00a2c39e90264f33305004495a9","hash":"71d0fd64b010772c4a77028fe1ecc23d7027ca5f"}
}
