TN:
SF:dist\string.esm.js
FN:92,(anonymous_0)
FN:99,(anonymous_1)
FN:107,(anonymous_2)
FN:121,(anonymous_3)
FN:129,(anonymous_4)
FN:130,(anonymous_5)
FN:135,(anonymous_6)
FN:135,(anonymous_7)
FN:137,(anonymous_8)
FN:143,(anonymous_9)
FN:143,(anonymous_10)
FN:145,(anonymous_11)
FN:151,(anonymous_12)
FN:151,(anonymous_13)
FN:153,(anonymous_14)
FN:155,(anonymous_15)
FN:172,(anonymous_16)
FN:174,(anonymous_17)
FN:174,(anonymous_18)
FN:176,(anonymous_19)
FN:182,(anonymous_20)
FN:184,(anonymous_21)
FN:189,(anonymous_22)
FN:195,(anonymous_23)
FN:201,(anonymous_24)
FN:203,(anonymous_25)
FN:215,(anonymous_26)
FN:216,(anonymous_27)
FN:218,(anonymous_28)
FN:226,(anonymous_29)
FN:227,(anonymous_30)
FN:238,replaceSpecialCharacter
FN:242,(anonymous_32)
FN:254,reduceUnescapedString
FN:258,(anonymous_34)
FN:260,(anonymous_35)
FN:262,(anonymous_36)
FN:268,(anonymous_37)
FN:274,(anonymous_38)
FN:280,(anonymous_39)
FN:289,(anonymous_40)
FN:295,(anonymous_41)
FN:305,(anonymous_42)
FN:317,(anonymous_43)
FN:334,(anonymous_44)
FN:342,(anonymous_45)
FN:353,(anonymous_46)
FN:371,(anonymous_47)
FN:377,(anonymous_48)
FN:396,(anonymous_49)
FN:399,(anonymous_50)
FN:402,(anonymous_51)
FN:424,(anonymous_52)
FN:432,(anonymous_53)
FN:433,(anonymous_54)
FN:449,(anonymous_55)
FN:458,(anonymous_56)
FN:474,(anonymous_57)
FN:484,(anonymous_58)
FN:486,(anonymous_59)
FN:488,(anonymous_60)
FN:490,(anonymous_61)
FN:492,(anonymous_62)
FN:494,(anonymous_63)
FN:496,(anonymous_64)
FN:498,(anonymous_65)
FN:500,(anonymous_66)
FN:502,(anonymous_67)
FN:503,(anonymous_68)
FN:507,(anonymous_69)
FN:536,sprintf_format
FN:675,sprintf_parse
FN:743,(anonymous_72)
FN:744,(anonymous_73)
FN:746,(anonymous_74)
FN:748,(anonymous_75)
FN:749,(anonymous_76)
FN:749,(anonymous_77)
FN:752,(anonymous_78)
FN:761,(anonymous_79)
FN:762,(anonymous_80)
FN:764,(anonymous_81)
FN:766,(anonymous_82)
FN:784,(anonymous_83)
FN:786,(anonymous_84)
FN:788,(anonymous_85)
FN:860,(anonymous_86)
FN:865,(anonymous_87)
FN:873,(anonymous_88)
FN:877,(anonymous_89)
FN:883,(anonymous_90)
FN:887,(anonymous_91)
FN:891,(anonymous_92)
FN:895,(anonymous_93)
FN:904,(anonymous_94)
FN:908,(anonymous_95)
FN:912,(anonymous_96)
FN:916,(anonymous_97)
FN:920,(anonymous_98)
FN:924,(anonymous_99)
FN:928,(anonymous_100)
FN:932,(anonymous_101)
FN:936,(anonymous_102)
FN:940,(anonymous_103)
FN:944,(anonymous_104)
FN:948,(anonymous_105)
FN:952,(anonymous_106)
FN:956,(anonymous_107)
FN:960,(anonymous_108)
FN:964,(anonymous_109)
FN:968,(anonymous_110)
FN:972,(anonymous_111)
FN:976,(anonymous_112)
FN:980,(anonymous_113)
FN:984,(anonymous_114)
FN:988,(anonymous_115)
FN:992,(anonymous_116)
FN:996,(anonymous_117)
FN:1000,(anonymous_118)
FN:1004,(anonymous_119)
FN:1008,(anonymous_120)
FN:1012,(anonymous_121)
FN:1016,(anonymous_122)
FN:1020,(anonymous_123)
FN:1024,(anonymous_124)
FN:1028,(anonymous_125)
FN:1032,(anonymous_126)
FN:1036,(anonymous_127)
FN:1040,(anonymous_128)
FN:1044,(anonymous_129)
FN:1048,(anonymous_130)
FN:1052,(anonymous_131)
FN:1056,(anonymous_132)
FN:1060,(anonymous_133)
FN:1064,(anonymous_134)
FN:1068,(anonymous_135)
FN:1072,(anonymous_136)
FN:1076,(anonymous_137)
FN:1080,(anonymous_138)
FN:1084,(anonymous_139)
FN:1088,(anonymous_140)
FN:1092,(anonymous_141)
FN:1096,(anonymous_142)
FN:1100,(anonymous_143)
FN:1104,(anonymous_144)
FN:1108,(anonymous_145)
FN:1112,(anonymous_146)
FN:1116,(anonymous_147)
FN:1120,(anonymous_148)
FN:1124,(anonymous_149)
FN:1128,(anonymous_150)
FN:1132,(anonymous_151)
FN:1136,(anonymous_152)
FN:1140,(anonymous_153)
FN:1144,(anonymous_154)
FN:1152,(anonymous_155)
FNF:156
FNH:3
FNDA:0,(anonymous_0)
FNDA:0,(anonymous_1)
FNDA:0,(anonymous_2)
FNDA:0,(anonymous_3)
FNDA:0,(anonymous_4)
FNDA:0,(anonymous_5)
FNDA:0,(anonymous_6)
FNDA:0,(anonymous_7)
FNDA:0,(anonymous_8)
FNDA:0,(anonymous_9)
FNDA:0,(anonymous_10)
FNDA:0,(anonymous_11)
FNDA:0,(anonymous_12)
FNDA:0,(anonymous_13)
FNDA:0,(anonymous_14)
FNDA:0,(anonymous_15)
FNDA:0,(anonymous_16)
FNDA:0,(anonymous_17)
FNDA:0,(anonymous_18)
FNDA:0,(anonymous_19)
FNDA:0,(anonymous_20)
FNDA:0,(anonymous_21)
FNDA:0,(anonymous_22)
FNDA:0,(anonymous_23)
FNDA:0,(anonymous_24)
FNDA:0,(anonymous_25)
FNDA:0,(anonymous_26)
FNDA:0,(anonymous_27)
FNDA:0,(anonymous_28)
FNDA:0,(anonymous_29)
FNDA:0,(anonymous_30)
FNDA:0,replaceSpecialCharacter
FNDA:0,(anonymous_32)
FNDA:0,reduceUnescapedString
FNDA:0,(anonymous_34)
FNDA:0,(anonymous_35)
FNDA:0,(anonymous_36)
FNDA:0,(anonymous_37)
FNDA:0,(anonymous_38)
FNDA:0,(anonymous_39)
FNDA:0,(anonymous_40)
FNDA:0,(anonymous_41)
FNDA:0,(anonymous_42)
FNDA:0,(anonymous_43)
FNDA:0,(anonymous_44)
FNDA:0,(anonymous_45)
FNDA:0,(anonymous_46)
FNDA:0,(anonymous_47)
FNDA:0,(anonymous_48)
FNDA:0,(anonymous_49)
FNDA:0,(anonymous_50)
FNDA:0,(anonymous_51)
FNDA:0,(anonymous_52)
FNDA:0,(anonymous_53)
FNDA:0,(anonymous_54)
FNDA:0,(anonymous_55)
FNDA:0,(anonymous_56)
FNDA:0,(anonymous_57)
FNDA:0,(anonymous_58)
FNDA:0,(anonymous_59)
FNDA:0,(anonymous_60)
FNDA:0,(anonymous_61)
FNDA:0,(anonymous_62)
FNDA:0,(anonymous_63)
FNDA:0,(anonymous_64)
FNDA:0,(anonymous_65)
FNDA:0,(anonymous_66)
FNDA:0,(anonymous_67)
FNDA:0,(anonymous_68)
FNDA:0,(anonymous_69)
FNDA:0,sprintf_format
FNDA:0,sprintf_parse
FNDA:0,(anonymous_72)
FNDA:0,(anonymous_73)
FNDA:0,(anonymous_74)
FNDA:0,(anonymous_75)
FNDA:0,(anonymous_76)
FNDA:0,(anonymous_77)
FNDA:0,(anonymous_78)
FNDA:0,(anonymous_79)
FNDA:0,(anonymous_80)
FNDA:0,(anonymous_81)
FNDA:0,(anonymous_82)
FNDA:0,(anonymous_83)
FNDA:0,(anonymous_84)
FNDA:0,(anonymous_85)
FNDA:5,(anonymous_86)
FNDA:0,(anonymous_87)
FNDA:0,(anonymous_88)
FNDA:5,(anonymous_89)
FNDA:0,(anonymous_90)
FNDA:0,(anonymous_91)
FNDA:0,(anonymous_92)
FNDA:0,(anonymous_93)
FNDA:0,(anonymous_94)
FNDA:0,(anonymous_95)
FNDA:0,(anonymous_96)
FNDA:0,(anonymous_97)
FNDA:0,(anonymous_98)
FNDA:0,(anonymous_99)
FNDA:0,(anonymous_100)
FNDA:0,(anonymous_101)
FNDA:0,(anonymous_102)
FNDA:0,(anonymous_103)
FNDA:0,(anonymous_104)
FNDA:0,(anonymous_105)
FNDA:0,(anonymous_106)
FNDA:0,(anonymous_107)
FNDA:0,(anonymous_108)
FNDA:0,(anonymous_109)
FNDA:0,(anonymous_110)
FNDA:0,(anonymous_111)
FNDA:0,(anonymous_112)
FNDA:0,(anonymous_113)
FNDA:0,(anonymous_114)
FNDA:0,(anonymous_115)
FNDA:0,(anonymous_116)
FNDA:0,(anonymous_117)
FNDA:0,(anonymous_118)
FNDA:0,(anonymous_119)
FNDA:0,(anonymous_120)
FNDA:0,(anonymous_121)
FNDA:0,(anonymous_122)
FNDA:0,(anonymous_123)
FNDA:0,(anonymous_124)
FNDA:0,(anonymous_125)
FNDA:0,(anonymous_126)
FNDA:0,(anonymous_127)
FNDA:0,(anonymous_128)
FNDA:0,(anonymous_129)
FNDA:0,(anonymous_130)
FNDA:0,(anonymous_131)
FNDA:0,(anonymous_132)
FNDA:0,(anonymous_133)
FNDA:0,(anonymous_134)
FNDA:0,(anonymous_135)
FNDA:0,(anonymous_136)
FNDA:0,(anonymous_137)
FNDA:0,(anonymous_138)
FNDA:0,(anonymous_139)
FNDA:0,(anonymous_140)
FNDA:0,(anonymous_141)
FNDA:0,(anonymous_142)
FNDA:0,(anonymous_143)
FNDA:0,(anonymous_144)
FNDA:0,(anonymous_145)
FNDA:0,(anonymous_146)
FNDA:0,(anonymous_147)
FNDA:0,(anonymous_148)
FNDA:0,(anonymous_149)
FNDA:0,(anonymous_150)
FNDA:0,(anonymous_151)
FNDA:0,(anonymous_152)
FNDA:0,(anonymous_153)
FNDA:0,(anonymous_154)
FNDA:5,(anonymous_155)
DA:4,1
DA:9,1
DA:14,1
DA:19,1
DA:24,1
DA:29,1
DA:34,1
DA:39,1
DA:45,1
DA:50,1
DA:55,1
DA:60,1
DA:61,1
DA:66,1
DA:75,1
DA:80,1
DA:85,1
DA:90,1
DA:92,1
DA:93,0
DA:94,0
DA:95,0
DA:96,0
DA:99,1
DA:100,0
DA:107,1
DA:110,0
DA:111,0
DA:112,0
DA:113,0
DA:115,0
DA:118,0
DA:121,1
DA:122,0
DA:124,0
DA:126,0
DA:129,1
DA:130,0
DA:131,0
DA:135,1
DA:137,1
DA:138,0
DA:140,0
DA:143,1
DA:145,1
DA:151,1
DA:153,1
DA:155,1
DA:156,0
DA:157,0
DA:161,0
DA:162,0
DA:163,0
DA:164,0
DA:165,0
DA:166,0
DA:169,0
DA:172,1
DA:174,1
DA:176,1
DA:177,0
DA:178,0
DA:179,0
DA:182,1
DA:184,1
DA:185,0
DA:187,0
DA:188,0
DA:189,0
DA:190,0
DA:191,0
DA:195,1
DA:201,1
DA:203,1
DA:204,0
DA:206,0
DA:207,0
DA:208,0
DA:212,0
DA:215,1
DA:216,1
DA:218,1
DA:219,0
DA:221,0
DA:223,0
DA:226,1
DA:227,1
DA:229,1
DA:239,0
DA:242,1
DA:244,1
DA:252,1
DA:255,0
DA:258,1
DA:260,1
DA:262,1
DA:268,1
DA:274,1
DA:280,1
DA:281,0
DA:283,0
DA:286,1
DA:287,1
DA:289,1
DA:290,0
DA:291,0
DA:292,0
DA:295,1
DA:296,0
DA:297,0
DA:298,0
DA:305,1
DA:306,0
DA:308,0
DA:310,0
DA:317,1
DA:318,0
DA:320,0
DA:321,0
DA:323,0
DA:324,0
DA:327,0
DA:334,1
DA:335,0
DA:337,0
DA:339,0
DA:340,0
DA:342,0
DA:343,0
DA:345,0
DA:346,0
DA:350,0
DA:353,1
DA:354,0
DA:356,0
DA:358,0
DA:360,0
DA:361,0
DA:364,0
DA:365,0
DA:368,0
DA:371,1
DA:372,0
DA:373,0
DA:374,0
DA:377,1
DA:378,0
DA:380,0
DA:382,0
DA:384,0
DA:386,0
DA:388,0
DA:389,0
DA:392,0
DA:393,0
DA:396,1
DA:397,0
DA:399,1
DA:400,0
DA:402,1
DA:403,0
DA:405,0
DA:407,0
DA:409,0
DA:411,0
DA:414,0
DA:417,0
DA:418,0
DA:421,0
DA:424,1
DA:425,0
DA:427,0
DA:430,1
DA:431,1
DA:432,1
DA:433,1
DA:434,0
DA:436,0
DA:437,0
DA:440,0
DA:441,0
DA:444,0
DA:445,0
DA:448,0
DA:449,0
DA:450,0
DA:451,0
DA:454,0
DA:455,0
DA:458,1
DA:459,0
DA:461,0
DA:462,0
DA:465,0
DA:466,0
DA:469,0
DA:470,0
DA:473,0
DA:474,0
DA:475,0
DA:476,0
DA:479,0
DA:480,0
DA:484,1
DA:486,1
DA:488,1
DA:490,1
DA:492,1
DA:494,1
DA:496,1
DA:498,1
DA:500,1
DA:502,1
DA:503,1
DA:504,0
DA:506,0
DA:507,0
DA:508,0
DA:518,1
DA:537,0
DA:538,0
DA:540,0
DA:548,0
DA:549,0
DA:550,0
DA:551,0
DA:552,0
DA:554,0
DA:556,0
DA:558,0
DA:559,0
DA:560,0
DA:563,0
DA:565,0
DA:567,0
DA:570,0
DA:573,0
DA:574,0
DA:577,0
DA:578,0
DA:581,0
DA:582,0
DA:585,0
DA:587,0
DA:588,0
DA:591,0
DA:592,0
DA:596,0
DA:597,0
DA:600,0
DA:601,0
DA:604,0
DA:605,0
DA:608,0
DA:609,0
DA:612,0
DA:613,0
DA:616,0
DA:617,0
DA:620,0
DA:621,0
DA:622,0
DA:625,0
DA:626,0
DA:627,0
DA:630,0
DA:631,0
DA:632,0
DA:635,0
DA:636,0
DA:639,0
DA:640,0
DA:641,0
DA:644,0
DA:645,0
DA:648,0
DA:649,0
DA:652,0
DA:653,0
DA:655,0
DA:656,0
DA:657,0
DA:659,0
DA:662,0
DA:663,0
DA:664,0
DA:665,0
DA:670,0
DA:673,1
DA:676,0
DA:677,0
DA:680,0
DA:682,0
DA:683,0
DA:685,0
DA:686,0
DA:687,0
DA:688,0
DA:689,0
DA:690,0
DA:691,0
DA:692,0
DA:693,0
DA:694,0
DA:695,0
DA:697,0
DA:698,0
DA:700,0
DA:701,0
DA:702,0
DA:703,0
DA:704,0
DA:706,0
DA:710,0
DA:713,0
DA:715,0
DA:718,0
DA:719,0
DA:722,0
DA:734,0
DA:737,0
DA:740,0
DA:743,1
DA:744,1
DA:746,1
DA:748,1
DA:749,0
DA:752,1
DA:753,0
DA:756,0
DA:757,0
DA:758,0
DA:761,1
DA:762,1
DA:764,1
DA:766,1
DA:767,0
DA:771,0
DA:772,0
DA:774,0
DA:775,0
DA:778,0
DA:781,0
DA:784,1
DA:786,1
DA:788,1
DA:789,0
DA:791,0
DA:792,0
DA:795,1
DA:861,5
DA:862,5
DA:866,0
DA:867,0
DA:870,0
DA:874,0
DA:878,5
DA:879,1
DA:880,1
DA:884,0
DA:888,0
DA:892,0
DA:896,0
DA:897,0
DA:900,0
DA:901,0
DA:905,0
DA:909,0
DA:913,0
DA:917,0
DA:921,0
DA:925,0
DA:929,0
DA:933,0
DA:937,0
DA:941,0
DA:945,0
DA:949,0
DA:953,0
DA:957,0
DA:961,0
DA:965,0
DA:969,0
DA:973,0
DA:977,0
DA:981,0
DA:985,0
DA:989,0
DA:993,0
DA:997,0
DA:1001,0
DA:1005,0
DA:1009,0
DA:1013,0
DA:1017,0
DA:1021,0
DA:1025,0
DA:1029,0
DA:1033,0
DA:1037,0
DA:1041,0
DA:1045,0
DA:1049,0
DA:1053,0
DA:1057,0
DA:1061,0
DA:1065,0
DA:1069,0
DA:1073,0
DA:1077,0
DA:1081,0
DA:1085,0
DA:1089,0
DA:1093,0
DA:1097,0
DA:1101,0
DA:1105,0
DA:1109,0
DA:1113,0
DA:1117,0
DA:1121,0
DA:1125,0
DA:1129,0
DA:1133,0
DA:1137,0
DA:1141,0
DA:1145,0
DA:1150,1
DA:1152,5
LF:429
LH:105
BRDA:92,0,0,0
BRDA:93,1,0,0
BRDA:93,1,1,0
BRDA:94,2,0,0
BRDA:94,2,1,0
BRDA:95,3,0,0
BRDA:95,3,1,0
BRDA:100,4,0,0
BRDA:100,4,1,0
BRDA:100,5,0,0
BRDA:100,5,1,0
BRDA:110,6,0,0
BRDA:110,6,1,0
BRDA:111,7,0,0
BRDA:111,7,1,0
BRDA:112,8,0,0
BRDA:112,8,1,0
BRDA:121,9,0,0
BRDA:126,10,0,0
BRDA:126,10,1,0
BRDA:131,11,0,0
BRDA:131,11,1,0
BRDA:143,12,0,0
BRDA:151,13,0,0
BRDA:155,14,0,0
BRDA:179,15,0,0
BRDA:179,15,1,0
BRDA:184,16,0,0
BRDA:187,17,0,0
BRDA:187,17,1,0
BRDA:188,18,0,0
BRDA:188,18,1,0
BRDA:188,19,0,0
BRDA:188,19,1,0
BRDA:190,20,0,0
BRDA:190,20,1,0
BRDA:191,21,0,0
BRDA:191,21,1,0
BRDA:203,22,0,0
BRDA:208,23,0,0
BRDA:208,23,1,0
BRDA:218,24,0,0
BRDA:223,25,0,0
BRDA:223,25,1,0
BRDA:223,26,0,0
BRDA:223,26,1,0
BRDA:274,27,0,0
BRDA:280,28,0,0
BRDA:283,29,0,0
BRDA:283,29,1,0
BRDA:289,30,0,0
BRDA:290,31,0,0
BRDA:290,31,1,0
BRDA:291,32,0,0
BRDA:291,32,1,0
BRDA:296,33,0,0
BRDA:296,33,1,0
BRDA:297,34,0,0
BRDA:297,34,1,0
BRDA:305,35,0,0
BRDA:305,36,0,0
BRDA:308,37,0,0
BRDA:308,37,1,0
BRDA:310,38,0,0
BRDA:310,38,1,0
BRDA:317,39,0,0
BRDA:334,40,0,0
BRDA:334,41,0,0
BRDA:337,42,0,0
BRDA:337,42,1,0
BRDA:340,43,0,0
BRDA:340,43,1,0
BRDA:345,44,0,0
BRDA:345,44,1,0
BRDA:353,45,0,0
BRDA:356,46,0,0
BRDA:356,46,1,0
BRDA:360,47,0,0
BRDA:360,47,1,0
BRDA:371,48,0,0
BRDA:377,49,0,0
BRDA:377,50,0,0
BRDA:377,51,0,0
BRDA:380,52,0,0
BRDA:380,52,1,0
BRDA:388,53,0,0
BRDA:388,53,1,0
BRDA:388,54,0,0
BRDA:388,54,1,0
BRDA:393,55,0,0
BRDA:393,55,1,0
BRDA:396,56,0,0
BRDA:396,57,0,0
BRDA:399,58,0,0
BRDA:399,59,0,0
BRDA:402,60,0,0
BRDA:402,61,0,0
BRDA:405,62,0,0
BRDA:405,62,1,0
BRDA:417,63,0,0
BRDA:417,63,1,0
BRDA:417,64,0,0
BRDA:417,64,1,0
BRDA:424,65,0,0
BRDA:424,66,0,0
BRDA:436,67,0,0
BRDA:436,67,1,0
BRDA:440,68,0,0
BRDA:440,68,1,0
BRDA:440,69,0,0
BRDA:440,69,1,0
BRDA:444,70,0,0
BRDA:444,70,1,0
BRDA:450,71,0,0
BRDA:450,71,1,0
BRDA:450,72,0,0
BRDA:450,72,1,0
BRDA:461,73,0,0
BRDA:461,73,1,0
BRDA:465,74,0,0
BRDA:465,74,1,0
BRDA:465,75,0,0
BRDA:465,75,1,0
BRDA:469,76,0,0
BRDA:469,76,1,0
BRDA:475,77,0,0
BRDA:475,77,1,0
BRDA:475,78,0,0
BRDA:475,78,1,0
BRDA:492,79,0,0
BRDA:492,80,0,0
BRDA:492,80,1,0
BRDA:503,81,0,0
BRDA:508,82,0,0
BRDA:508,82,1,0
BRDA:549,83,0,0
BRDA:549,83,1,0
BRDA:551,84,0,0
BRDA:551,84,1,0
BRDA:554,85,0,0
BRDA:554,85,1,0
BRDA:559,86,0,0
BRDA:559,86,1,0
BRDA:565,87,0,0
BRDA:565,87,1,0
BRDA:573,88,0,0
BRDA:573,88,1,0
BRDA:573,89,0,0
BRDA:573,89,1,0
BRDA:573,89,2,0
BRDA:577,90,0,0
BRDA:577,90,1,0
BRDA:577,91,0,0
BRDA:577,91,1,0
BRDA:577,91,2,0
BRDA:581,92,0,0
BRDA:581,92,1,0
BRDA:585,93,0,0
BRDA:585,93,1,0
BRDA:585,93,2,0
BRDA:585,93,3,0
BRDA:585,93,4,0
BRDA:585,93,5,0
BRDA:585,93,6,0
BRDA:585,93,7,0
BRDA:585,93,8,0
BRDA:585,93,9,0
BRDA:585,93,10,0
BRDA:585,93,11,0
BRDA:585,93,12,0
BRDA:585,93,13,0
BRDA:585,93,14,0
BRDA:585,93,15,0
BRDA:600,94,0,0
BRDA:600,94,1,0
BRDA:604,95,0,0
BRDA:604,95,1,0
BRDA:608,96,0,0
BRDA:608,96,1,0
BRDA:612,97,0,0
BRDA:612,97,1,0
BRDA:621,98,0,0
BRDA:621,98,1,0
BRDA:626,99,0,0
BRDA:626,99,1,0
BRDA:631,100,0,0
BRDA:631,100,1,0
BRDA:640,101,0,0
BRDA:640,101,1,0
BRDA:652,102,0,0
BRDA:652,102,1,0
BRDA:655,103,0,0
BRDA:655,103,1,0
BRDA:655,104,0,0
BRDA:655,104,1,0
BRDA:655,104,2,0
BRDA:656,105,0,0
BRDA:656,105,1,0
BRDA:662,106,0,0
BRDA:662,106,1,0
BRDA:662,107,0,0
BRDA:662,107,1,0
BRDA:664,108,0,0
BRDA:664,108,1,0
BRDA:664,109,0,0
BRDA:664,109,1,0
BRDA:665,110,0,0
BRDA:665,110,1,0
BRDA:665,111,0,0
BRDA:665,111,1,0
BRDA:676,112,0,0
BRDA:676,112,1,0
BRDA:686,113,0,0
BRDA:686,113,1,0
BRDA:688,114,0,0
BRDA:688,114,1,0
BRDA:690,115,0,0
BRDA:690,115,1,0
BRDA:691,116,0,0
BRDA:691,116,1,0
BRDA:697,117,0,0
BRDA:697,117,1,0
BRDA:701,118,0,0
BRDA:701,118,1,0
BRDA:703,119,0,0
BRDA:703,119,1,0
BRDA:718,120,0,0
BRDA:718,120,1,0
BRDA:744,121,0,0
BRDA:744,121,1,0
BRDA:748,122,0,0
BRDA:748,123,0,0
BRDA:748,124,0,0
BRDA:749,125,0,0
BRDA:749,125,1,0
BRDA:749,126,0,0
BRDA:749,126,1,0
BRDA:752,127,0,0
BRDA:752,128,0,0
BRDA:756,129,0,0
BRDA:756,129,1,0
BRDA:761,130,0,0
BRDA:762,131,0,0
BRDA:762,132,0,0
BRDA:766,133,0,0
BRDA:771,134,0,0
BRDA:771,134,1,0
BRDA:772,135,0,0
BRDA:772,135,1,0
BRDA:774,136,0,0
BRDA:774,136,1,0
BRDA:784,137,0,0
BRDA:784,138,0,0
BRDA:786,139,0,0
BRDA:786,140,0,0
BRDA:791,141,0,0
BRDA:791,141,1,0
BRDA:792,142,0,0
BRDA:792,142,1,0
BRDA:860,143,0,2
BRDA:860,144,0,5
BRDA:866,145,0,0
BRDA:866,145,1,0
BRDA:878,146,0,4
BRDA:878,146,1,1
BRDA:878,147,0,5
BRDA:878,147,1,1
BRDA:887,148,0,0
BRDA:896,149,0,0
BRDA:896,149,1,0
BRF:270
BRH:6
end_of_record
